[INFO] Scanning for projects...
[INFO] 
[INFO] -----------------< com.yowyob.delivery:route-service >------------------
[INFO] Building Logistics Routing API 0.0.1-SNAPSHOT
[INFO]   from pom.xml
[INFO] --------------------------------[ jar ]---------------------------------
[INFO] 
[INFO] >>> spring-boot:3.4.0:run (default-cli) > test-compile @ route-service >>>
[INFO] 
[INFO] --- resources:3.3.1:resources (default-resources) @ route-service ---
[INFO] Copying 1 resource from src\main\resources to target\classes
[INFO] Copying 10 resources from src\main\resources to target\classes
[INFO] 
[INFO] --- compiler:3.11.0:compile (default-compile) @ route-service ---
[INFO] Nothing to compile - all classes are up to date
[INFO] 
[INFO] --- resources:3.3.1:testResources (default-testResources) @ route-service ---
[INFO] Not copying test resources
[INFO] 
[INFO] --- compiler:3.11.0:testCompile (default-testCompile) @ route-service ---
[INFO] Not compiling test sources
[INFO] 
[INFO] <<< spring-boot:3.4.0:run (default-cli) < test-compile @ route-service <<<
[INFO] 
[INFO] 
[INFO] --- spring-boot:3.4.0:run (default-cli) @ route-service ---
[INFO] Attaching agents: []

  .   ____          _            __ _ _
 /\\ / ___'_ __ _ _(_)_ __  __ _ \ \ \ \
( ( )\___ | '_ | '_| | '_ \/ _` | \ \ \ \
 \\/  ___)| |_)| | | | | || (_| |  ) ) ) )
  '  |____| .__|_| |_|_| |_\__, | / / / /
 =========|_|==============|___/=/_/_/_/

 :: Spring Boot ::                (v3.4.0)

2026-01-06T18:45:28.879+01:00  INFO 30332 --- [route-service] [           main] c.y.delivery.route.RouteApplication      : Starting RouteApplication using Java 21.0.9 with PID 30332 (F:\backend\backend\target\classes started by USER in F:\backend\backend)
2026-01-06T18:45:28.882+01:00  INFO 30332 --- [route-service] [           main] c.y.delivery.route.RouteApplication      : No active profile set, falling back to 1 default profile: "default"
2026-01-06T18:45:29.564+01:00  INFO 30332 --- [route-service] [           main] .s.d.r.c.RepositoryConfigurationDelegate : Bootstrapping Spring Data R2DBC repositories in DEFAULT mode.
2026-01-06T18:45:29.741+01:00  INFO 30332 --- [route-service] [           main] .s.d.r.c.RepositoryConfigurationDelegate : Finished Spring Data repository scanning in 172 ms. Found 6 R2DBC repository interfaces.
2026-01-06T18:45:32.262+01:00  INFO 30332 --- [route-service] [           main] liquibase.database                       : Set default schema name to public
2026-01-06T18:45:32.883+01:00  INFO 30332 --- [route-service] [           main] liquibase.changelog                      : Reading from public.databasechangelog
2026-01-06T18:45:32.997+01:00  INFO 30332 --- [route-service] [           main] liquibase.ui                             : Database is up to date, no changesets to execute
2026-01-06T18:45:33.001+01:00  INFO 30332 --- [route-service] [           main] liquibase.changelog                      : Reading from public.databasechangelog
2026-01-06T18:45:33.014+01:00  INFO 30332 --- [route-service] [           main] liquibase.util                           : UPDATE SUMMARY
2026-01-06T18:45:33.015+01:00  INFO 30332 --- [route-service] [           main] liquibase.util                           : Run:                          0
2026-01-06T18:45:33.015+01:00  INFO 30332 --- [route-service] [           main] liquibase.util                           : Previously run:              18
2026-01-06T18:45:33.015+01:00  INFO 30332 --- [route-service] [           main] liquibase.util                           : Filtered out:                 0
2026-01-06T18:45:33.015+01:00  INFO 30332 --- [route-service] [           main] liquibase.util                           : -------------------------------
2026-01-06T18:45:33.015+01:00  INFO 30332 --- [route-service] [           main] liquibase.util                           : Total change sets:           18
2026-01-06T18:45:33.016+01:00  INFO 30332 --- [route-service] [           main] liquibase.util                           : Update summary generated
2026-01-06T18:45:33.017+01:00  INFO 30332 --- [route-service] [           main] liquibase.command                        : Command execution complete
2026-01-06T18:45:33.346+01:00  INFO 30332 --- [route-service] [           main] o.s.b.web.embedded.netty.NettyWebServer  : Netty started on port 8080 (http)
2026-01-06T18:45:33.352+01:00  INFO 30332 --- [route-service] [           main] c.y.delivery.route.RouteApplication      : Started RouteApplication in 5.097 seconds (process running for 5.576)
2026-01-06T22:04:17.847+01:00  INFO 30332 --- [route-service] [actor-tcp-nio-2] c.y.d.r.r.CustomParcelRepositoryImpl     : Parcel created with ID: 92dcced8-c339-4d19-a231-c785d5a3bb77
2026-01-06T22:04:18.226+01:00  INFO 30332 --- [route-service] [ctor-http-nio-6] c.y.d.route.client.PetriNetClient        : Initialized Petri Net bd9d661a-f2b0-48d2-a860-94eb09e7f2b6 for parcel 92dcced8-c339-4d19-a231-c785d5a3bb77
2026-01-06T22:04:18.305+01:00  INFO 30332 --- [route-service] [actor-tcp-nio-2] c.y.d.r.s.strategy.OsrmRoutingStrategy   : Requesting OSRM route: http://router.project-osrm.org/route/v1/driving/9.718500,4.060300;9.658500,4.070300?overview=full&geometries=geojson
2026-01-06T22:10:22.134+01:00  INFO 30332 --- [route-service] [actor-tcp-nio-2] c.y.d.r.r.CustomParcelRepositoryImpl     : Parcel created with ID: 3a8988ed-0f9b-4a7b-b7fb-ac4a5553f45a
2026-01-06T22:10:22.152+01:00  INFO 30332 --- [route-service] [ctor-http-nio-1] c.y.d.route.client.PetriNetClient        : Initialized Petri Net c011e147-f2b4-426c-a042-919b18716c56 for parcel 3a8988ed-0f9b-4a7b-b7fb-ac4a5553f45a
2026-01-06T22:10:22.175+01:00  INFO 30332 --- [route-service] [actor-tcp-nio-2] c.y.d.r.s.strategy.OsrmRoutingStrategy   : Requesting OSRM route: http://router.project-osrm.org/route/v1/driving/9.700000,4.025000;9.708500,4.050300?overview=full&geometries=geojson
2026-01-06T22:10:57.567+01:00 ERROR 30332 --- [route-service] [actor-tcp-nio-2] c.y.d.r.c.e.GlobalExceptionHandler       : Unexpected error: No converter found capable of converting from type [org.locationtech.jts.geom.LineString] to type [java.lang.String]

org.springframework.core.convert.ConverterNotFoundException: No converter found capable of converting from type [org.locationtech.jts.geom.LineString] to type [java.lang.String]
	at org.springframework.core.convert.support.GenericConversionService.handleConverterNotFound(GenericConversionService.java:294) ~[spring-core-6.2.0.jar:6.2.0]
	Suppressed: reactor.core.publisher.FluxOnAssembly$OnAssemblyException: 
Error has been observed at the following site(s):
	*__checkpoint ⇢ Handler com.yowyob.delivery.route.controller.RouteController#recalculateRoute(UUID, Object) [DispatcherHandler]
Original Stack Trace:
		at org.springframework.core.convert.support.GenericConversionService.handleConverterNotFound(GenericConversionService.java:294) ~[spring-core-6.2.0.jar:6.2.0]
		at org.springframework.core.convert.support.GenericConversionService.convert(GenericConversionService.java:185) ~[spring-core-6.2.0.jar:6.2.0]
		at org.springframework.data.relational.core.conversion.MappingRelationalConverter.getPotentiallyConvertedSimpleRead(MappingRelationalConverter.java:664) ~[spring-data-relational-3.4.0.jar:3.4.0]
		at org.springframework.data.relational.core.conversion.MappingRelationalConverter$DefaultConversionContext.convert(MappingRelationalConverter.java:861) ~[spring-data-relational-3.4.0.jar:3.4.0]
		at org.springframework.data.relational.core.conversion.MappingRelationalConverter$ConversionContext.convert(MappingRelationalConverter.java:969) ~[spring-data-relational-3.4.0.jar:3.4.0]
		at org.springframework.data.relational.core.conversion.MappingRelationalConverter$DocumentValueProvider.getPropertyValue(MappingRelationalConverter.java:1154) ~[spring-data-relational-3.4.0.jar:3.4.0]
		at org.springframework.data.relational.core.conversion.MappingRelationalConverter$DocumentValueProvider.getPropertyValue(MappingRelationalConverter.java:1110) ~[spring-data-relational-3.4.0.jar:3.4.0]
		at org.springframework.data.relational.core.conversion.MappingRelationalConverter.readProperties(MappingRelationalConverter.java:562) ~[spring-data-relational-3.4.0.jar:3.4.0]
		at org.springframework.data.relational.core.conversion.MappingRelationalConverter.populateProperties(MappingRelationalConverter.java:528) ~[spring-data-relational-3.4.0.jar:3.4.0]
		at org.springframework.data.relational.core.conversion.MappingRelationalConverter.read(MappingRelationalConverter.java:464) ~[spring-data-relational-3.4.0.jar:3.4.0]
		at org.springframework.data.relational.core.conversion.MappingRelationalConverter.readAggregate(MappingRelationalConverter.java:357) ~[spring-data-relational-3.4.0.jar:3.4.0]
		at org.springframework.data.relational.core.conversion.MappingRelationalConverter.readAggregate(MappingRelationalConverter.java:320) ~[spring-data-relational-3.4.0.jar:3.4.0]
		at org.springframework.data.relational.core.conversion.MappingRelationalConverter.read(MappingRelationalConverter.java:307) ~[spring-data-relational-3.4.0.jar:3.4.0]
		at org.springframework.data.relational.core.conversion.MappingRelationalConverter.project(MappingRelationalConverter.java:197) ~[spring-data-relational-3.4.0.jar:3.4.0]
		at org.springframework.data.r2dbc.core.R2dbcEntityTemplate.lambda$getRowsFetchSpec$16(R2dbcEntityTemplate.java:870) ~[spring-data-r2dbc-3.4.0.jar:3.4.0]
		at io.r2dbc.postgresql.PostgresqlResult.lambda$map$2(PostgresqlResult.java:129) ~[r2dbc-postgresql-1.0.7.RELEASE.jar:1.0.7.RELEASE]
		at reactor.core.publisher.FluxHandle$HandleSubscriber.onNext(FluxHandle.java:113) ~[reactor-core-3.7.0.jar:3.7.0]
		at reactor.core.publisher.MonoFlatMapMany$FlatMapManyInner.onNext(MonoFlatMapMany.java:251) ~[reactor-core-3.7.0.jar:3.7.0]
		at reactor.core.publisher.FluxHandleFuseable$HandleFuseableSubscriber.onNext(FluxHandleFuseable.java:194) ~[reactor-core-3.7.0.jar:3.7.0]
		at reactor.core.publisher.FluxFilterFuseable$FilterFuseableConditionalSubscriber.onNext(FluxFilterFuseable.java:337) ~[reactor-core-3.7.0.jar:3.7.0]
		at reactor.core.publisher.FluxContextWrite$ContextWriteSubscriber.onNext(FluxContextWrite.java:107) ~[reactor-core-3.7.0.jar:3.7.0]
		at reactor.core.publisher.FluxPeekFuseable$PeekConditionalSubscriber.onNext(FluxPeekFuseable.java:854) ~[reactor-core-3.7.0.jar:3.7.0]
		at reactor.core.publisher.FluxPeekFuseable$PeekConditionalSubscriber.onNext(FluxPeekFuseable.java:854) ~[reactor-core-3.7.0.jar:3.7.0]
		at io.r2dbc.postgresql.util.FluxDiscardOnCancel$FluxDiscardOnCancelSubscriber.onNext(FluxDiscardOnCancel.java:91) ~[r2dbc-postgresql-1.0.7.RELEASE.jar:1.0.7.RELEASE]
		at reactor.core.publisher.FluxDoFinally$DoFinallySubscriber.onNext(FluxDoFinally.java:113) ~[reactor-core-3.7.0.jar:3.7.0]
		at reactor.core.publisher.FluxHandle$HandleSubscriber.onNext(FluxHandle.java:129) ~[reactor-core-3.7.0.jar:3.7.0]
		at reactor.core.publisher.FluxCreate$BufferAsyncSink.drain(FluxCreate.java:880) ~[reactor-core-3.7.0.jar:3.7.0]
		at reactor.core.publisher.FluxCreate$BufferAsyncSink.next(FluxCreate.java:805) ~[reactor-core-3.7.0.jar:3.7.0]
		at reactor.core.publisher.FluxCreate$SerializedFluxSink.next(FluxCreate.java:163) ~[reactor-core-3.7.0.jar:3.7.0]
		at io.r2dbc.postgresql.client.ReactorNettyClient$Conversation.emit(ReactorNettyClient.java:696) ~[r2dbc-postgresql-1.0.7.RELEASE.jar:1.0.7.RELEASE]
		at io.r2dbc.postgresql.client.ReactorNettyClient$BackendMessageSubscriber.emit(ReactorNettyClient.java:948) ~[r2dbc-postgresql-1.0.7.RELEASE.jar:1.0.7.RELEASE]
		at io.r2dbc.postgresql.client.ReactorNettyClient$BackendMessageSubscriber.onNext(ReactorNettyClient.java:822) ~[r2dbc-postgresql-1.0.7.RELEASE.jar:1.0.7.RELEASE]
		at io.r2dbc.postgresql.client.ReactorNettyClient$BackendMessageSubscriber.onNext(ReactorNettyClient.java:728) ~[r2dbc-postgresql-1.0.7.RELEASE.jar:1.0.7.RELEASE]
		at reactor.core.publisher.FluxHandle$HandleSubscriber.onNext(FluxHandle.java:129) ~[reactor-core-3.7.0.jar:3.7.0]
		at reactor.core.publisher.FluxPeekFuseable$PeekConditionalSubscriber.onNext(FluxPeekFuseable.java:854) ~[reactor-core-3.7.0.jar:3.7.0]
		at reactor.core.publisher.FluxMap$MapConditionalSubscriber.onNext(FluxMap.java:224) ~[reactor-core-3.7.0.jar:3.7.0]
		at reactor.core.publisher.FluxMap$MapConditionalSubscriber.onNext(FluxMap.java:224) ~[reactor-core-3.7.0.jar:3.7.0]
		at reactor.netty.channel.FluxReceive.drainReceiver(FluxReceive.java:292) ~[reactor-netty-core-1.2.0.jar:1.2.0]
		at reactor.netty.channel.FluxReceive.onInboundNext(FluxReceive.java:401) ~[reactor-netty-core-1.2.0.jar:1.2.0]
		at reactor.netty.channel.ChannelOperations.onInboundNext(ChannelOperations.java:435) ~[reactor-netty-core-1.2.0.jar:1.2.0]
		at reactor.netty.channel.ChannelOperationsHandler.channelRead(ChannelOperationsHandler.java:115) ~[reactor-netty-core-1.2.0.jar:1.2.0]
		at io.netty.channel.AbstractChannelHandlerContext.invokeChannelRead(AbstractChannelHandlerContext.java:444) ~[netty-transport-4.1.115.Final.jar:4.1.115.Final]
		at io.netty.channel.AbstractChannelHandlerContext.invokeChannelRead(AbstractChannelHandlerContext.java:420) ~[netty-transport-4.1.115.Final.jar:4.1.115.Final]
		at io.netty.channel.AbstractChannelHandlerContext.fireChannelRead(AbstractChannelHandlerContext.java:412) ~[netty-transport-4.1.115.Final.jar:4.1.115.Final]
		at io.netty.handler.codec.ByteToMessageDecoder.fireChannelRead(ByteToMessageDecoder.java:346) ~[netty-codec-4.1.115.Final.jar:4.1.115.Final]
		at io.netty.handler.codec.ByteToMessageDecoder.fireChannelRead(ByteToMessageDecoder.java:333) ~[netty-codec-4.1.115.Final.jar:4.1.115.Final]
		at io.netty.handler.codec.ByteToMessageDecoder.callDecode(ByteToMessageDecoder.java:455) ~[netty-codec-4.1.115.Final.jar:4.1.115.Final]
		at io.netty.handler.codec.ByteToMessageDecoder.channelRead(ByteToMessageDecoder.java:290) ~[netty-codec-4.1.115.Final.jar:4.1.115.Final]
		at io.netty.channel.AbstractChannelHandlerContext.invokeChannelRead(AbstractChannelHandlerContext.java:444) ~[netty-transport-4.1.115.Final.jar:4.1.115.Final]
		at io.netty.channel.AbstractChannelHandlerContext.invokeChannelRead(AbstractChannelHandlerContext.java:420) ~[netty-transport-4.1.115.Final.jar:4.1.115.Final]
		at io.netty.channel.AbstractChannelHandlerContext.fireChannelRead(AbstractChannelHandlerContext.java:412) ~[netty-transport-4.1.115.Final.jar:4.1.115.Final]
		at io.netty.channel.DefaultChannelPipeline$HeadContext.channelRead(DefaultChannelPipeline.java:1357) ~[netty-transport-4.1.115.Final.jar:4.1.115.Final]
		at io.netty.channel.AbstractChannelHandlerContext.invokeChannelRead(AbstractChannelHandlerContext.java:440) ~[netty-transport-4.1.115.Final.jar:4.1.115.Final]
		at io.netty.channel.AbstractChannelHandlerContext.invokeChannelRead(AbstractChannelHandlerContext.java:420) ~[netty-transport-4.1.115.Final.jar:4.1.115.Final]
		at io.netty.channel.DefaultChannelPipeline.fireChannelRead(DefaultChannelPipeline.java:868) ~[netty-transport-4.1.115.Final.jar:4.1.115.Final]
		at io.netty.channel.nio.AbstractNioByteChannel$NioByteUnsafe.read(AbstractNioByteChannel.java:166) ~[netty-transport-4.1.115.Final.jar:4.1.115.Final]
		at io.netty.channel.nio.NioEventLoop.processSelectedKey(NioEventLoop.java:788) ~[netty-transport-4.1.115.Final.jar:4.1.115.Final]
		at io.netty.channel.nio.NioEventLoop.processSelectedKeysOptimized(NioEventLoop.java:724) ~[netty-transport-4.1.115.Final.jar:4.1.115.Final]
		at io.netty.channel.nio.NioEventLoop.processSelectedKeys(NioEventLoop.java:650) ~[netty-transport-4.1.115.Final.jar:4.1.115.Final]
		at io.netty.channel.nio.NioEventLoop.run(NioEventLoop.java:562) ~[netty-transport-4.1.115.Final.jar:4.1.115.Final]
		at io.netty.util.concurrent.SingleThreadEventExecutor$4.run(SingleThreadEventExecutor.java:997) ~[netty-common-4.1.115.Final.jar:4.1.115.Final]
		at io.netty.util.internal.ThreadExecutorMap$2.run(ThreadExecutorMap.java:74) ~[netty-common-4.1.115.Final.jar:4.1.115.Final]
		at io.netty.util.concurrent.FastThreadLocalRunnable.run(FastThreadLocalRunnable.java:30) ~[netty-common-4.1.115.Final.jar:4.1.115.Final]
		at java.base/java.lang.Thread.run(Thread.java:1583) ~[na:na]

2026-01-06T22:10:57.570+01:00 ERROR 30332 --- [route-service] [actor-tcp-nio-1] c.y.d.r.c.e.GlobalExceptionHandler       : Unexpected error: No converter found capable of converting from type [org.locationtech.jts.geom.LineString] to type [java.lang.String]

org.springframework.core.convert.ConverterNotFoundException: No converter found capable of converting from type [org.locationtech.jts.geom.LineString] to type [java.lang.String]
	at org.springframework.core.convert.support.GenericConversionService.handleConverterNotFound(GenericConversionService.java:294) ~[spring-core-6.2.0.jar:6.2.0]
	Suppressed: reactor.core.publisher.FluxOnAssembly$OnAssemblyException: 
Error has been observed at the following site(s):
	*__checkpoint ⇢ Handler com.yowyob.delivery.route.controller.RouteController#recalculateRoute(UUID, Object) [DispatcherHandler]
Original Stack Trace:
		at org.springframework.core.convert.support.GenericConversionService.handleConverterNotFound(GenericConversionService.java:294) ~[spring-core-6.2.0.jar:6.2.0]
		at org.springframework.core.convert.support.GenericConversionService.convert(GenericConversionService.java:185) ~[spring-core-6.2.0.jar:6.2.0]
		at org.springframework.data.relational.core.conversion.MappingRelationalConverter.getPotentiallyConvertedSimpleRead(MappingRelationalConverter.java:664) ~[spring-data-relational-3.4.0.jar:3.4.0]
		at org.springframework.data.relational.core.conversion.MappingRelationalConverter$DefaultConversionContext.convert(MappingRelationalConverter.java:861) ~[spring-data-relational-3.4.0.jar:3.4.0]
		at org.springframework.data.relational.core.conversion.MappingRelationalConverter$ConversionContext.convert(MappingRelationalConverter.java:969) ~[spring-data-relational-3.4.0.jar:3.4.0]
		at org.springframework.data.relational.core.conversion.MappingRelationalConverter$DocumentValueProvider.getPropertyValue(MappingRelationalConverter.java:1154) ~[spring-data-relational-3.4.0.jar:3.4.0]
		at org.springframework.data.relational.core.conversion.MappingRelationalConverter$DocumentValueProvider.getPropertyValue(MappingRelationalConverter.java:1110) ~[spring-data-relational-3.4.0.jar:3.4.0]
		at org.springframework.data.relational.core.conversion.MappingRelationalConverter.readProperties(MappingRelationalConverter.java:562) ~[spring-data-relational-3.4.0.jar:3.4.0]
		at org.springframework.data.relational.core.conversion.MappingRelationalConverter.populateProperties(MappingRelationalConverter.java:528) ~[spring-data-relational-3.4.0.jar:3.4.0]
		at org.springframework.data.relational.core.conversion.MappingRelationalConverter.read(MappingRelationalConverter.java:464) ~[spring-data-relational-3.4.0.jar:3.4.0]
		at org.springframework.data.relational.core.conversion.MappingRelationalConverter.readAggregate(MappingRelationalConverter.java:357) ~[spring-data-relational-3.4.0.jar:3.4.0]
		at org.springframework.data.relational.core.conversion.MappingRelationalConverter.readAggregate(MappingRelationalConverter.java:320) ~[spring-data-relational-3.4.0.jar:3.4.0]
		at org.springframework.data.relational.core.conversion.MappingRelationalConverter.read(MappingRelationalConverter.java:307) ~[spring-data-relational-3.4.0.jar:3.4.0]
		at org.springframework.data.relational.core.conversion.MappingRelationalConverter.project(MappingRelationalConverter.java:197) ~[spring-data-relational-3.4.0.jar:3.4.0]
		at org.springframework.data.r2dbc.core.R2dbcEntityTemplate.lambda$getRowsFetchSpec$16(R2dbcEntityTemplate.java:870) ~[spring-data-r2dbc-3.4.0.jar:3.4.0]
		at io.r2dbc.postgresql.PostgresqlResult.lambda$map$2(PostgresqlResult.java:129) ~[r2dbc-postgresql-1.0.7.RELEASE.jar:1.0.7.RELEASE]
		at reactor.core.publisher.FluxHandle$HandleSubscriber.onNext(FluxHandle.java:113) ~[reactor-core-3.7.0.jar:3.7.0]
		at reactor.core.publisher.MonoFlatMapMany$FlatMapManyInner.onNext(MonoFlatMapMany.java:251) ~[reactor-core-3.7.0.jar:3.7.0]
		at reactor.core.publisher.FluxHandleFuseable$HandleFuseableSubscriber.onNext(FluxHandleFuseable.java:194) ~[reactor-core-3.7.0.jar:3.7.0]
		at reactor.core.publisher.FluxFilterFuseable$FilterFuseableConditionalSubscriber.onNext(FluxFilterFuseable.java:337) ~[reactor-core-3.7.0.jar:3.7.0]
		at reactor.core.publisher.FluxContextWrite$ContextWriteSubscriber.onNext(FluxContextWrite.java:107) ~[reactor-core-3.7.0.jar:3.7.0]
		at reactor.core.publisher.FluxPeekFuseable$PeekConditionalSubscriber.onNext(FluxPeekFuseable.java:854) ~[reactor-core-3.7.0.jar:3.7.0]
		at reactor.core.publisher.FluxPeekFuseable$PeekConditionalSubscriber.onNext(FluxPeekFuseable.java:854) ~[reactor-core-3.7.0.jar:3.7.0]
		at io.r2dbc.postgresql.util.FluxDiscardOnCancel$FluxDiscardOnCancelSubscriber.onNext(FluxDiscardOnCancel.java:91) ~[r2dbc-postgresql-1.0.7.RELEASE.jar:1.0.7.RELEASE]
		at reactor.core.publisher.FluxDoFinally$DoFinallySubscriber.onNext(FluxDoFinally.java:113) ~[reactor-core-3.7.0.jar:3.7.0]
		at reactor.core.publisher.FluxHandle$HandleSubscriber.onNext(FluxHandle.java:129) ~[reactor-core-3.7.0.jar:3.7.0]
		at reactor.core.publisher.FluxCreate$BufferAsyncSink.drain(FluxCreate.java:880) ~[reactor-core-3.7.0.jar:3.7.0]
		at reactor.core.publisher.FluxCreate$BufferAsyncSink.next(FluxCreate.java:805) ~[reactor-core-3.7.0.jar:3.7.0]
		at reactor.core.publisher.FluxCreate$SerializedFluxSink.next(FluxCreate.java:163) ~[reactor-core-3.7.0.jar:3.7.0]
		at io.r2dbc.postgresql.client.ReactorNettyClient$Conversation.emit(ReactorNettyClient.java:696) ~[r2dbc-postgresql-1.0.7.RELEASE.jar:1.0.7.RELEASE]
		at io.r2dbc.postgresql.client.ReactorNettyClient$BackendMessageSubscriber.emit(ReactorNettyClient.java:948) ~[r2dbc-postgresql-1.0.7.RELEASE.jar:1.0.7.RELEASE]
		at io.r2dbc.postgresql.client.ReactorNettyClient$BackendMessageSubscriber.onNext(ReactorNettyClient.java:822) ~[r2dbc-postgresql-1.0.7.RELEASE.jar:1.0.7.RELEASE]
		at io.r2dbc.postgresql.client.ReactorNettyClient$BackendMessageSubscriber.onNext(ReactorNettyClient.java:728) ~[r2dbc-postgresql-1.0.7.RELEASE.jar:1.0.7.RELEASE]
		at reactor.core.publisher.FluxHandle$HandleSubscriber.onNext(FluxHandle.java:129) ~[reactor-core-3.7.0.jar:3.7.0]
		at reactor.core.publisher.FluxPeekFuseable$PeekConditionalSubscriber.onNext(FluxPeekFuseable.java:854) ~[reactor-core-3.7.0.jar:3.7.0]
		at reactor.core.publisher.FluxMap$MapConditionalSubscriber.onNext(FluxMap.java:224) ~[reactor-core-3.7.0.jar:3.7.0]
		at reactor.core.publisher.FluxMap$MapConditionalSubscriber.onNext(FluxMap.java:224) ~[reactor-core-3.7.0.jar:3.7.0]
		at reactor.netty.channel.FluxReceive.drainReceiver(FluxReceive.java:292) ~[reactor-netty-core-1.2.0.jar:1.2.0]
		at reactor.netty.channel.FluxReceive.onInboundNext(FluxReceive.java:401) ~[reactor-netty-core-1.2.0.jar:1.2.0]
		at reactor.netty.channel.ChannelOperations.onInboundNext(ChannelOperations.java:435) ~[reactor-netty-core-1.2.0.jar:1.2.0]
		at reactor.netty.channel.ChannelOperationsHandler.channelRead(ChannelOperationsHandler.java:115) ~[reactor-netty-core-1.2.0.jar:1.2.0]
		at io.netty.channel.AbstractChannelHandlerContext.invokeChannelRead(AbstractChannelHandlerContext.java:444) ~[netty-transport-4.1.115.Final.jar:4.1.115.Final]
		at io.netty.channel.AbstractChannelHandlerContext.invokeChannelRead(AbstractChannelHandlerContext.java:420) ~[netty-transport-4.1.115.Final.jar:4.1.115.Final]
		at io.netty.channel.AbstractChannelHandlerContext.fireChannelRead(AbstractChannelHandlerContext.java:412) ~[netty-transport-4.1.115.Final.jar:4.1.115.Final]
		at io.netty.handler.codec.ByteToMessageDecoder.fireChannelRead(ByteToMessageDecoder.java:346) ~[netty-codec-4.1.115.Final.jar:4.1.115.Final]
		at io.netty.handler.codec.ByteToMessageDecoder.fireChannelRead(ByteToMessageDecoder.java:333) ~[netty-codec-4.1.115.Final.jar:4.1.115.Final]
		at io.netty.handler.codec.ByteToMessageDecoder.callDecode(ByteToMessageDecoder.java:455) ~[netty-codec-4.1.115.Final.jar:4.1.115.Final]
		at io.netty.handler.codec.ByteToMessageDecoder.channelRead(ByteToMessageDecoder.java:290) ~[netty-codec-4.1.115.Final.jar:4.1.115.Final]
		at io.netty.channel.AbstractChannelHandlerContext.invokeChannelRead(AbstractChannelHandlerContext.java:444) ~[netty-transport-4.1.115.Final.jar:4.1.115.Final]
		at io.netty.channel.AbstractChannelHandlerContext.invokeChannelRead(AbstractChannelHandlerContext.java:420) ~[netty-transport-4.1.115.Final.jar:4.1.115.Final]
		at io.netty.channel.AbstractChannelHandlerContext.fireChannelRead(AbstractChannelHandlerContext.java:412) ~[netty-transport-4.1.115.Final.jar:4.1.115.Final]
		at io.netty.channel.DefaultChannelPipeline$HeadContext.channelRead(DefaultChannelPipeline.java:1357) ~[netty-transport-4.1.115.Final.jar:4.1.115.Final]
		at io.netty.channel.AbstractChannelHandlerContext.invokeChannelRead(AbstractChannelHandlerContext.java:440) ~[netty-transport-4.1.115.Final.jar:4.1.115.Final]
		at io.netty.channel.AbstractChannelHandlerContext.invokeChannelRead(AbstractChannelHandlerContext.java:420) ~[netty-transport-4.1.115.Final.jar:4.1.115.Final]
		at io.netty.channel.DefaultChannelPipeline.fireChannelRead(DefaultChannelPipeline.java:868) ~[netty-transport-4.1.115.Final.jar:4.1.115.Final]
		at io.netty.channel.nio.AbstractNioByteChannel$NioByteUnsafe.read(AbstractNioByteChannel.java:166) ~[netty-transport-4.1.115.Final.jar:4.1.115.Final]
		at io.netty.channel.nio.NioEventLoop.processSelectedKey(NioEventLoop.java:788) ~[netty-transport-4.1.115.Final.jar:4.1.115.Final]
		at io.netty.channel.nio.NioEventLoop.processSelectedKeysOptimized(NioEventLoop.java:724) ~[netty-transport-4.1.115.Final.jar:4.1.115.Final]
		at io.netty.channel.nio.NioEventLoop.processSelectedKeys(NioEventLoop.java:650) ~[netty-transport-4.1.115.Final.jar:4.1.115.Final]
		at io.netty.channel.nio.NioEventLoop.run(NioEventLoop.java:562) ~[netty-transport-4.1.115.Final.jar:4.1.115.Final]
		at io.netty.util.concurrent.SingleThreadEventExecutor$4.run(SingleThreadEventExecutor.java:997) ~[netty-common-4.1.115.Final.jar:4.1.115.Final]
		at io.netty.util.internal.ThreadExecutorMap$2.run(ThreadExecutorMap.java:74) ~[netty-common-4.1.115.Final.jar:4.1.115.Final]
		at io.netty.util.concurrent.FastThreadLocalRunnable.run(FastThreadLocalRunnable.java:30) ~[netty-common-4.1.115.Final.jar:4.1.115.Final]
		at java.base/java.lang.Thread.run(Thread.java:1583) ~[na:na]

2026-01-06T22:10:57.629+01:00 ERROR 30332 --- [route-service] [actor-tcp-nio-2] c.y.d.r.c.e.GlobalExceptionHandler       : Unexpected error: No converter found capable of converting from type [org.locationtech.jts.geom.LineString] to type [java.lang.String]

org.springframework.core.convert.ConverterNotFoundException: No converter found capable of converting from type [org.locationtech.jts.geom.LineString] to type [java.lang.String]
	at org.springframework.core.convert.support.GenericConversionService.handleConverterNotFound(GenericConversionService.java:294) ~[spring-core-6.2.0.jar:6.2.0]
	Suppressed: reactor.core.publisher.FluxOnAssembly$OnAssemblyException: 
Error has been observed at the following site(s):
	*__checkpoint ⇢ Handler com.yowyob.delivery.route.controller.RouteController#recalculateRoute(UUID, Object) [DispatcherHandler]
Original Stack Trace:
		at org.springframework.core.convert.support.GenericConversionService.handleConverterNotFound(GenericConversionService.java:294) ~[spring-core-6.2.0.jar:6.2.0]
		at org.springframework.core.convert.support.GenericConversionService.convert(GenericConversionService.java:185) ~[spring-core-6.2.0.jar:6.2.0]
		at org.springframework.data.relational.core.conversion.MappingRelationalConverter.getPotentiallyConvertedSimpleRead(MappingRelationalConverter.java:664) ~[spring-data-relational-3.4.0.jar:3.4.0]
		at org.springframework.data.relational.core.conversion.MappingRelationalConverter$DefaultConversionContext.convert(MappingRelationalConverter.java:861) ~[spring-data-relational-3.4.0.jar:3.4.0]
		at org.springframework.data.relational.core.conversion.MappingRelationalConverter$ConversionContext.convert(MappingRelationalConverter.java:969) ~[spring-data-relational-3.4.0.jar:3.4.0]
		at org.springframework.data.relational.core.conversion.MappingRelationalConverter$DocumentValueProvider.getPropertyValue(MappingRelationalConverter.java:1154) ~[spring-data-relational-3.4.0.jar:3.4.0]
		at org.springframework.data.relational.core.conversion.MappingRelationalConverter$DocumentValueProvider.getPropertyValue(MappingRelationalConverter.java:1110) ~[spring-data-relational-3.4.0.jar:3.4.0]
		at org.springframework.data.relational.core.conversion.MappingRelationalConverter.readProperties(MappingRelationalConverter.java:562) ~[spring-data-relational-3.4.0.jar:3.4.0]
		at org.springframework.data.relational.core.conversion.MappingRelationalConverter.populateProperties(MappingRelationalConverter.java:528) ~[spring-data-relational-3.4.0.jar:3.4.0]
		at org.springframework.data.relational.core.conversion.MappingRelationalConverter.read(MappingRelationalConverter.java:464) ~[spring-data-relational-3.4.0.jar:3.4.0]
		at org.springframework.data.relational.core.conversion.MappingRelationalConverter.readAggregate(MappingRelationalConverter.java:357) ~[spring-data-relational-3.4.0.jar:3.4.0]
		at org.springframework.data.relational.core.conversion.MappingRelationalConverter.readAggregate(MappingRelationalConverter.java:320) ~[spring-data-relational-3.4.0.jar:3.4.0]
		at org.springframework.data.relational.core.conversion.MappingRelationalConverter.read(MappingRelationalConverter.java:307) ~[spring-data-relational-3.4.0.jar:3.4.0]
		at org.springframework.data.relational.core.conversion.MappingRelationalConverter.project(MappingRelationalConverter.java:197) ~[spring-data-relational-3.4.0.jar:3.4.0]
		at org.springframework.data.r2dbc.core.R2dbcEntityTemplate.lambda$getRowsFetchSpec$16(R2dbcEntityTemplate.java:870) ~[spring-data-r2dbc-3.4.0.jar:3.4.0]
		at io.r2dbc.postgresql.PostgresqlResult.lambda$map$2(PostgresqlResult.java:129) ~[r2dbc-postgresql-1.0.7.RELEASE.jar:1.0.7.RELEASE]
		at reactor.core.publisher.FluxHandle$HandleSubscriber.onNext(FluxHandle.java:113) ~[reactor-core-3.7.0.jar:3.7.0]
		at reactor.core.publisher.MonoFlatMapMany$FlatMapManyInner.onNext(MonoFlatMapMany.java:251) ~[reactor-core-3.7.0.jar:3.7.0]
		at reactor.core.publisher.FluxHandleFuseable$HandleFuseableSubscriber.onNext(FluxHandleFuseable.java:194) ~[reactor-core-3.7.0.jar:3.7.0]
		at reactor.core.publisher.FluxFilterFuseable$FilterFuseableConditionalSubscriber.onNext(FluxFilterFuseable.java:337) ~[reactor-core-3.7.0.jar:3.7.0]
		at reactor.core.publisher.FluxContextWrite$ContextWriteSubscriber.onNext(FluxContextWrite.java:107) ~[reactor-core-3.7.0.jar:3.7.0]
		at reactor.core.publisher.FluxPeekFuseable$PeekConditionalSubscriber.onNext(FluxPeekFuseable.java:854) ~[reactor-core-3.7.0.jar:3.7.0]
		at reactor.core.publisher.FluxPeekFuseable$PeekConditionalSubscriber.onNext(FluxPeekFuseable.java:854) ~[reactor-core-3.7.0.jar:3.7.0]
		at io.r2dbc.postgresql.util.FluxDiscardOnCancel$FluxDiscardOnCancelSubscriber.onNext(FluxDiscardOnCancel.java:91) ~[r2dbc-postgresql-1.0.7.RELEASE.jar:1.0.7.RELEASE]
		at reactor.core.publisher.FluxDoFinally$DoFinallySubscriber.onNext(FluxDoFinally.java:113) ~[reactor-core-3.7.0.jar:3.7.0]
		at reactor.core.publisher.FluxHandle$HandleSubscriber.onNext(FluxHandle.java:129) ~[reactor-core-3.7.0.jar:3.7.0]
		at reactor.core.publisher.FluxCreate$BufferAsyncSink.drain(FluxCreate.java:880) ~[reactor-core-3.7.0.jar:3.7.0]
		at reactor.core.publisher.FluxCreate$BufferAsyncSink.next(FluxCreate.java:805) ~[reactor-core-3.7.0.jar:3.7.0]
		at reactor.core.publisher.FluxCreate$SerializedFluxSink.next(FluxCreate.java:163) ~[reactor-core-3.7.0.jar:3.7.0]
		at io.r2dbc.postgresql.client.ReactorNettyClient$Conversation.emit(ReactorNettyClient.java:696) ~[r2dbc-postgresql-1.0.7.RELEASE.jar:1.0.7.RELEASE]
		at io.r2dbc.postgresql.client.ReactorNettyClient$BackendMessageSubscriber.emit(ReactorNettyClient.java:948) ~[r2dbc-postgresql-1.0.7.RELEASE.jar:1.0.7.RELEASE]
		at io.r2dbc.postgresql.client.ReactorNettyClient$BackendMessageSubscriber.onNext(ReactorNettyClient.java:822) ~[r2dbc-postgresql-1.0.7.RELEASE.jar:1.0.7.RELEASE]
		at io.r2dbc.postgresql.client.ReactorNettyClient$BackendMessageSubscriber.onNext(ReactorNettyClient.java:728) ~[r2dbc-postgresql-1.0.7.RELEASE.jar:1.0.7.RELEASE]
		at reactor.core.publisher.FluxHandle$HandleSubscriber.onNext(FluxHandle.java:129) ~[reactor-core-3.7.0.jar:3.7.0]
		at reactor.core.publisher.FluxPeekFuseable$PeekConditionalSubscriber.onNext(FluxPeekFuseable.java:854) ~[reactor-core-3.7.0.jar:3.7.0]
		at reactor.core.publisher.FluxMap$MapConditionalSubscriber.onNext(FluxMap.java:224) ~[reactor-core-3.7.0.jar:3.7.0]
		at reactor.core.publisher.FluxMap$MapConditionalSubscriber.onNext(FluxMap.java:224) ~[reactor-core-3.7.0.jar:3.7.0]
		at reactor.netty.channel.FluxReceive.drainReceiver(FluxReceive.java:292) ~[reactor-netty-core-1.2.0.jar:1.2.0]
		at reactor.netty.channel.FluxReceive.onInboundNext(FluxReceive.java:401) ~[reactor-netty-core-1.2.0.jar:1.2.0]
		at reactor.netty.channel.ChannelOperations.onInboundNext(ChannelOperations.java:435) ~[reactor-netty-core-1.2.0.jar:1.2.0]
		at reactor.netty.channel.ChannelOperationsHandler.channelRead(ChannelOperationsHandler.java:115) ~[reactor-netty-core-1.2.0.jar:1.2.0]
		at io.netty.channel.AbstractChannelHandlerContext.invokeChannelRead(AbstractChannelHandlerContext.java:444) ~[netty-transport-4.1.115.Final.jar:4.1.115.Final]
		at io.netty.channel.AbstractChannelHandlerContext.invokeChannelRead(AbstractChannelHandlerContext.java:420) ~[netty-transport-4.1.115.Final.jar:4.1.115.Final]
		at io.netty.channel.AbstractChannelHandlerContext.fireChannelRead(AbstractChannelHandlerContext.java:412) ~[netty-transport-4.1.115.Final.jar:4.1.115.Final]
		at io.netty.handler.codec.ByteToMessageDecoder.fireChannelRead(ByteToMessageDecoder.java:346) ~[netty-codec-4.1.115.Final.jar:4.1.115.Final]
		at io.netty.handler.codec.ByteToMessageDecoder.fireChannelRead(ByteToMessageDecoder.java:333) ~[netty-codec-4.1.115.Final.jar:4.1.115.Final]
		at io.netty.handler.codec.ByteToMessageDecoder.callDecode(ByteToMessageDecoder.java:455) ~[netty-codec-4.1.115.Final.jar:4.1.115.Final]
		at io.netty.handler.codec.ByteToMessageDecoder.channelRead(ByteToMessageDecoder.java:290) ~[netty-codec-4.1.115.Final.jar:4.1.115.Final]
		at io.netty.channel.AbstractChannelHandlerContext.invokeChannelRead(AbstractChannelHandlerContext.java:444) ~[netty-transport-4.1.115.Final.jar:4.1.115.Final]
		at io.netty.channel.AbstractChannelHandlerContext.invokeChannelRead(AbstractChannelHandlerContext.java:420) ~[netty-transport-4.1.115.Final.jar:4.1.115.Final]
		at io.netty.channel.AbstractChannelHandlerContext.fireChannelRead(AbstractChannelHandlerContext.java:412) ~[netty-transport-4.1.115.Final.jar:4.1.115.Final]
		at io.netty.channel.DefaultChannelPipeline$HeadContext.channelRead(DefaultChannelPipeline.java:1357) ~[netty-transport-4.1.115.Final.jar:4.1.115.Final]
		at io.netty.channel.AbstractChannelHandlerContext.invokeChannelRead(AbstractChannelHandlerContext.java:440) ~[netty-transport-4.1.115.Final.jar:4.1.115.Final]
		at io.netty.channel.AbstractChannelHandlerContext.invokeChannelRead(AbstractChannelHandlerContext.java:420) ~[netty-transport-4.1.115.Final.jar:4.1.115.Final]
		at io.netty.channel.DefaultChannelPipeline.fireChannelRead(DefaultChannelPipeline.java:868) ~[netty-transport-4.1.115.Final.jar:4.1.115.Final]
		at io.netty.channel.nio.AbstractNioByteChannel$NioByteUnsafe.read(AbstractNioByteChannel.java:166) ~[netty-transport-4.1.115.Final.jar:4.1.115.Final]
		at io.netty.channel.nio.NioEventLoop.processSelectedKey(NioEventLoop.java:788) ~[netty-transport-4.1.115.Final.jar:4.1.115.Final]
		at io.netty.channel.nio.NioEventLoop.processSelectedKeysOptimized(NioEventLoop.java:724) ~[netty-transport-4.1.115.Final.jar:4.1.115.Final]
		at io.netty.channel.nio.NioEventLoop.processSelectedKeys(NioEventLoop.java:650) ~[netty-transport-4.1.115.Final.jar:4.1.115.Final]
		at io.netty.channel.nio.NioEventLoop.run(NioEventLoop.java:562) ~[netty-transport-4.1.115.Final.jar:4.1.115.Final]
		at io.netty.util.concurrent.SingleThreadEventExecutor$4.run(SingleThreadEventExecutor.java:997) ~[netty-common-4.1.115.Final.jar:4.1.115.Final]
		at io.netty.util.internal.ThreadExecutorMap$2.run(ThreadExecutorMap.java:74) ~[netty-common-4.1.115.Final.jar:4.1.115.Final]
		at io.netty.util.concurrent.FastThreadLocalRunnable.run(FastThreadLocalRunnable.java:30) ~[netty-common-4.1.115.Final.jar:4.1.115.Final]
		at java.base/java.lang.Thread.run(Thread.java:1583) ~[na:na]

2026-01-06T22:10:57.634+01:00 ERROR 30332 --- [route-service] [actor-tcp-nio-8] c.y.d.r.c.e.GlobalExceptionHandler       : Unexpected error: No converter found capable of converting from type [org.locationtech.jts.geom.LineString] to type [java.lang.String]

org.springframework.core.convert.ConverterNotFoundException: No converter found capable of converting from type [org.locationtech.jts.geom.LineString] to type [java.lang.String]
	at org.springframework.core.convert.support.GenericConversionService.handleConverterNotFound(GenericConversionService.java:294) ~[spring-core-6.2.0.jar:6.2.0]
	Suppressed: reactor.core.publisher.FluxOnAssembly$OnAssemblyException: 
Error has been observed at the following site(s):
	*__checkpoint ⇢ Handler com.yowyob.delivery.route.controller.RouteController#recalculateRoute(UUID, Object) [DispatcherHandler]
Original Stack Trace:
		at org.springframework.core.convert.support.GenericConversionService.handleConverterNotFound(GenericConversionService.java:294) ~[spring-core-6.2.0.jar:6.2.0]
		at org.springframework.core.convert.support.GenericConversionService.convert(GenericConversionService.java:185) ~[spring-core-6.2.0.jar:6.2.0]
		at org.springframework.data.relational.core.conversion.MappingRelationalConverter.getPotentiallyConvertedSimpleRead(MappingRelationalConverter.java:664) ~[spring-data-relational-3.4.0.jar:3.4.0]
		at org.springframework.data.relational.core.conversion.MappingRelationalConverter$DefaultConversionContext.convert(MappingRelationalConverter.java:861) ~[spring-data-relational-3.4.0.jar:3.4.0]
		at org.springframework.data.relational.core.conversion.MappingRelationalConverter$ConversionContext.convert(MappingRelationalConverter.java:969) ~[spring-data-relational-3.4.0.jar:3.4.0]
		at org.springframework.data.relational.core.conversion.MappingRelationalConverter$DocumentValueProvider.getPropertyValue(MappingRelationalConverter.java:1154) ~[spring-data-relational-3.4.0.jar:3.4.0]
		at org.springframework.data.relational.core.conversion.MappingRelationalConverter$DocumentValueProvider.getPropertyValue(MappingRelationalConverter.java:1110) ~[spring-data-relational-3.4.0.jar:3.4.0]
		at org.springframework.data.relational.core.conversion.MappingRelationalConverter.readProperties(MappingRelationalConverter.java:562) ~[spring-data-relational-3.4.0.jar:3.4.0]
		at org.springframework.data.relational.core.conversion.MappingRelationalConverter.populateProperties(MappingRelationalConverter.java:528) ~[spring-data-relational-3.4.0.jar:3.4.0]
		at org.springframework.data.relational.core.conversion.MappingRelationalConverter.read(MappingRelationalConverter.java:464) ~[spring-data-relational-3.4.0.jar:3.4.0]
		at org.springframework.data.relational.core.conversion.MappingRelationalConverter.readAggregate(MappingRelationalConverter.java:357) ~[spring-data-relational-3.4.0.jar:3.4.0]
		at org.springframework.data.relational.core.conversion.MappingRelationalConverter.readAggregate(MappingRelationalConverter.java:320) ~[spring-data-relational-3.4.0.jar:3.4.0]
		at org.springframework.data.relational.core.conversion.MappingRelationalConverter.read(MappingRelationalConverter.java:307) ~[spring-data-relational-3.4.0.jar:3.4.0]
		at org.springframework.data.relational.core.conversion.MappingRelationalConverter.project(MappingRelationalConverter.java:197) ~[spring-data-relational-3.4.0.jar:3.4.0]
		at org.springframework.data.r2dbc.core.R2dbcEntityTemplate.lambda$getRowsFetchSpec$16(R2dbcEntityTemplate.java:870) ~[spring-data-r2dbc-3.4.0.jar:3.4.0]
		at io.r2dbc.postgresql.PostgresqlResult.lambda$map$2(PostgresqlResult.java:129) ~[r2dbc-postgresql-1.0.7.RELEASE.jar:1.0.7.RELEASE]
		at reactor.core.publisher.FluxHandle$HandleSubscriber.onNext(FluxHandle.java:113) ~[reactor-core-3.7.0.jar:3.7.0]
		at reactor.core.publisher.MonoFlatMapMany$FlatMapManyInner.onNext(MonoFlatMapMany.java:251) ~[reactor-core-3.7.0.jar:3.7.0]
		at reactor.core.publisher.FluxHandleFuseable$HandleFuseableSubscriber.onNext(FluxHandleFuseable.java:194) ~[reactor-core-3.7.0.jar:3.7.0]
		at reactor.core.publisher.FluxFilterFuseable$FilterFuseableConditionalSubscriber.onNext(FluxFilterFuseable.java:337) ~[reactor-core-3.7.0.jar:3.7.0]
		at reactor.core.publisher.FluxContextWrite$ContextWriteSubscriber.onNext(FluxContextWrite.java:107) ~[reactor-core-3.7.0.jar:3.7.0]
		at reactor.core.publisher.FluxPeekFuseable$PeekConditionalSubscriber.onNext(FluxPeekFuseable.java:854) ~[reactor-core-3.7.0.jar:3.7.0]
		at reactor.core.publisher.FluxPeekFuseable$PeekConditionalSubscriber.onNext(FluxPeekFuseable.java:854) ~[reactor-core-3.7.0.jar:3.7.0]
		at io.r2dbc.postgresql.util.FluxDiscardOnCancel$FluxDiscardOnCancelSubscriber.onNext(FluxDiscardOnCancel.java:91) ~[r2dbc-postgresql-1.0.7.RELEASE.jar:1.0.7.RELEASE]
		at reactor.core.publisher.FluxDoFinally$DoFinallySubscriber.onNext(FluxDoFinally.java:113) ~[reactor-core-3.7.0.jar:3.7.0]
		at reactor.core.publisher.FluxHandle$HandleSubscriber.onNext(FluxHandle.java:129) ~[reactor-core-3.7.0.jar:3.7.0]
		at reactor.core.publisher.FluxCreate$BufferAsyncSink.drain(FluxCreate.java:880) ~[reactor-core-3.7.0.jar:3.7.0]
		at reactor.core.publisher.FluxCreate$BufferAsyncSink.next(FluxCreate.java:805) ~[reactor-core-3.7.0.jar:3.7.0]
		at reactor.core.publisher.FluxCreate$SerializedFluxSink.next(FluxCreate.java:163) ~[reactor-core-3.7.0.jar:3.7.0]
		at io.r2dbc.postgresql.client.ReactorNettyClient$Conversation.emit(ReactorNettyClient.java:696) ~[r2dbc-postgresql-1.0.7.RELEASE.jar:1.0.7.RELEASE]
		at io.r2dbc.postgresql.client.ReactorNettyClient$BackendMessageSubscriber.emit(ReactorNettyClient.java:948) ~[r2dbc-postgresql-1.0.7.RELEASE.jar:1.0.7.RELEASE]
		at io.r2dbc.postgresql.client.ReactorNettyClient$BackendMessageSubscriber.onNext(ReactorNettyClient.java:822) ~[r2dbc-postgresql-1.0.7.RELEASE.jar:1.0.7.RELEASE]
		at io.r2dbc.postgresql.client.ReactorNettyClient$BackendMessageSubscriber.onNext(ReactorNettyClient.java:728) ~[r2dbc-postgresql-1.0.7.RELEASE.jar:1.0.7.RELEASE]
		at reactor.core.publisher.FluxHandle$HandleSubscriber.onNext(FluxHandle.java:129) ~[reactor-core-3.7.0.jar:3.7.0]
		at reactor.core.publisher.FluxPeekFuseable$PeekConditionalSubscriber.onNext(FluxPeekFuseable.java:854) ~[reactor-core-3.7.0.jar:3.7.0]
		at reactor.core.publisher.FluxMap$MapConditionalSubscriber.onNext(FluxMap.java:224) ~[reactor-core-3.7.0.jar:3.7.0]
		at reactor.core.publisher.FluxMap$MapConditionalSubscriber.onNext(FluxMap.java:224) ~[reactor-core-3.7.0.jar:3.7.0]
		at reactor.netty.channel.FluxReceive.drainReceiver(FluxReceive.java:292) ~[reactor-netty-core-1.2.0.jar:1.2.0]
		at reactor.netty.channel.FluxReceive.onInboundNext(FluxReceive.java:401) ~[reactor-netty-core-1.2.0.jar:1.2.0]
		at reactor.netty.channel.ChannelOperations.onInboundNext(ChannelOperations.java:435) ~[reactor-netty-core-1.2.0.jar:1.2.0]
		at reactor.netty.channel.ChannelOperationsHandler.channelRead(ChannelOperationsHandler.java:115) ~[reactor-netty-core-1.2.0.jar:1.2.0]
		at io.netty.channel.AbstractChannelHandlerContext.invokeChannelRead(AbstractChannelHandlerContext.java:444) ~[netty-transport-4.1.115.Final.jar:4.1.115.Final]
		at io.netty.channel.AbstractChannelHandlerContext.invokeChannelRead(AbstractChannelHandlerContext.java:420) ~[netty-transport-4.1.115.Final.jar:4.1.115.Final]
		at io.netty.channel.AbstractChannelHandlerContext.fireChannelRead(AbstractChannelHandlerContext.java:412) ~[netty-transport-4.1.115.Final.jar:4.1.115.Final]
		at io.netty.handler.codec.ByteToMessageDecoder.fireChannelRead(ByteToMessageDecoder.java:346) ~[netty-codec-4.1.115.Final.jar:4.1.115.Final]
		at io.netty.handler.codec.ByteToMessageDecoder.fireChannelRead(ByteToMessageDecoder.java:333) ~[netty-codec-4.1.115.Final.jar:4.1.115.Final]
		at io.netty.handler.codec.ByteToMessageDecoder.callDecode(ByteToMessageDecoder.java:455) ~[netty-codec-4.1.115.Final.jar:4.1.115.Final]
		at io.netty.handler.codec.ByteToMessageDecoder.channelRead(ByteToMessageDecoder.java:290) ~[netty-codec-4.1.115.Final.jar:4.1.115.Final]
		at io.netty.channel.AbstractChannelHandlerContext.invokeChannelRead(AbstractChannelHandlerContext.java:444) ~[netty-transport-4.1.115.Final.jar:4.1.115.Final]
		at io.netty.channel.AbstractChannelHandlerContext.invokeChannelRead(AbstractChannelHandlerContext.java:420) ~[netty-transport-4.1.115.Final.jar:4.1.115.Final]
		at io.netty.channel.AbstractChannelHandlerContext.fireChannelRead(AbstractChannelHandlerContext.java:412) ~[netty-transport-4.1.115.Final.jar:4.1.115.Final]
		at io.netty.channel.DefaultChannelPipeline$HeadContext.channelRead(DefaultChannelPipeline.java:1357) ~[netty-transport-4.1.115.Final.jar:4.1.115.Final]
		at io.netty.channel.AbstractChannelHandlerContext.invokeChannelRead(AbstractChannelHandlerContext.java:440) ~[netty-transport-4.1.115.Final.jar:4.1.115.Final]
		at io.netty.channel.AbstractChannelHandlerContext.invokeChannelRead(AbstractChannelHandlerContext.java:420) ~[netty-transport-4.1.115.Final.jar:4.1.115.Final]
		at io.netty.channel.DefaultChannelPipeline.fireChannelRead(DefaultChannelPipeline.java:868) ~[netty-transport-4.1.115.Final.jar:4.1.115.Final]
		at io.netty.channel.nio.AbstractNioByteChannel$NioByteUnsafe.read(AbstractNioByteChannel.java:166) ~[netty-transport-4.1.115.Final.jar:4.1.115.Final]
		at io.netty.channel.nio.NioEventLoop.processSelectedKey(NioEventLoop.java:788) ~[netty-transport-4.1.115.Final.jar:4.1.115.Final]
		at io.netty.channel.nio.NioEventLoop.processSelectedKeysOptimized(NioEventLoop.java:724) ~[netty-transport-4.1.115.Final.jar:4.1.115.Final]
		at io.netty.channel.nio.NioEventLoop.processSelectedKeys(NioEventLoop.java:650) ~[netty-transport-4.1.115.Final.jar:4.1.115.Final]
		at io.netty.channel.nio.NioEventLoop.run(NioEventLoop.java:562) ~[netty-transport-4.1.115.Final.jar:4.1.115.Final]
		at io.netty.util.concurrent.SingleThreadEventExecutor$4.run(SingleThreadEventExecutor.java:997) ~[netty-common-4.1.115.Final.jar:4.1.115.Final]
		at io.netty.util.internal.ThreadExecutorMap$2.run(ThreadExecutorMap.java:74) ~[netty-common-4.1.115.Final.jar:4.1.115.Final]
		at io.netty.util.concurrent.FastThreadLocalRunnable.run(FastThreadLocalRunnable.java:30) ~[netty-common-4.1.115.Final.jar:4.1.115.Final]
		at java.base/java.lang.Thread.run(Thread.java:1583) ~[na:na]

2026-01-06T22:10:57.646+01:00 ERROR 30332 --- [route-service] [actor-tcp-nio-2] c.y.d.r.c.e.GlobalExceptionHandler       : Unexpected error: No converter found capable of converting from type [org.locationtech.jts.geom.LineString] to type [java.lang.String]

org.springframework.core.convert.ConverterNotFoundException: No converter found capable of converting from type [org.locationtech.jts.geom.LineString] to type [java.lang.String]
	at org.springframework.core.convert.support.GenericConversionService.handleConverterNotFound(GenericConversionService.java:294) ~[spring-core-6.2.0.jar:6.2.0]
	Suppressed: reactor.core.publisher.FluxOnAssembly$OnAssemblyException: 
Error has been observed at the following site(s):
	*__checkpoint ⇢ Handler com.yowyob.delivery.route.controller.RouteController#recalculateRoute(UUID, Object) [DispatcherHandler]
Original Stack Trace:
		at org.springframework.core.convert.support.GenericConversionService.handleConverterNotFound(GenericConversionService.java:294) ~[spring-core-6.2.0.jar:6.2.0]
		at org.springframework.core.convert.support.GenericConversionService.convert(GenericConversionService.java:185) ~[spring-core-6.2.0.jar:6.2.0]
		at org.springframework.data.relational.core.conversion.MappingRelationalConverter.getPotentiallyConvertedSimpleRead(MappingRelationalConverter.java:664) ~[spring-data-relational-3.4.0.jar:3.4.0]
		at org.springframework.data.relational.core.conversion.MappingRelationalConverter$DefaultConversionContext.convert(MappingRelationalConverter.java:861) ~[spring-data-relational-3.4.0.jar:3.4.0]
		at org.springframework.data.relational.core.conversion.MappingRelationalConverter$ConversionContext.convert(MappingRelationalConverter.java:969) ~[spring-data-relational-3.4.0.jar:3.4.0]
		at org.springframework.data.relational.core.conversion.MappingRelationalConverter$DocumentValueProvider.getPropertyValue(MappingRelationalConverter.java:1154) ~[spring-data-relational-3.4.0.jar:3.4.0]
		at org.springframework.data.relational.core.conversion.MappingRelationalConverter$DocumentValueProvider.getPropertyValue(MappingRelationalConverter.java:1110) ~[spring-data-relational-3.4.0.jar:3.4.0]
		at org.springframework.data.relational.core.conversion.MappingRelationalConverter.readProperties(MappingRelationalConverter.java:562) ~[spring-data-relational-3.4.0.jar:3.4.0]
		at org.springframework.data.relational.core.conversion.MappingRelationalConverter.populateProperties(MappingRelationalConverter.java:528) ~[spring-data-relational-3.4.0.jar:3.4.0]
		at org.springframework.data.relational.core.conversion.MappingRelationalConverter.read(MappingRelationalConverter.java:464) ~[spring-data-relational-3.4.0.jar:3.4.0]
		at org.springframework.data.relational.core.conversion.MappingRelationalConverter.readAggregate(MappingRelationalConverter.java:357) ~[spring-data-relational-3.4.0.jar:3.4.0]
		at org.springframework.data.relational.core.conversion.MappingRelationalConverter.readAggregate(MappingRelationalConverter.java:320) ~[spring-data-relational-3.4.0.jar:3.4.0]
		at org.springframework.data.relational.core.conversion.MappingRelationalConverter.read(MappingRelationalConverter.java:307) ~[spring-data-relational-3.4.0.jar:3.4.0]
		at org.springframework.data.relational.core.conversion.MappingRelationalConverter.project(MappingRelationalConverter.java:197) ~[spring-data-relational-3.4.0.jar:3.4.0]
		at org.springframework.data.r2dbc.core.R2dbcEntityTemplate.lambda$getRowsFetchSpec$16(R2dbcEntityTemplate.java:870) ~[spring-data-r2dbc-3.4.0.jar:3.4.0]
		at io.r2dbc.postgresql.PostgresqlResult.lambda$map$2(PostgresqlResult.java:129) ~[r2dbc-postgresql-1.0.7.RELEASE.jar:1.0.7.RELEASE]
		at reactor.core.publisher.FluxHandle$HandleSubscriber.onNext(FluxHandle.java:113) ~[reactor-core-3.7.0.jar:3.7.0]
		at reactor.core.publisher.MonoFlatMapMany$FlatMapManyInner.onNext(MonoFlatMapMany.java:251) ~[reactor-core-3.7.0.jar:3.7.0]
		at reactor.core.publisher.FluxHandleFuseable$HandleFuseableSubscriber.onNext(FluxHandleFuseable.java:194) ~[reactor-core-3.7.0.jar:3.7.0]
		at reactor.core.publisher.FluxFilterFuseable$FilterFuseableConditionalSubscriber.onNext(FluxFilterFuseable.java:337) ~[reactor-core-3.7.0.jar:3.7.0]
		at reactor.core.publisher.FluxContextWrite$ContextWriteSubscriber.onNext(FluxContextWrite.java:107) ~[reactor-core-3.7.0.jar:3.7.0]
		at reactor.core.publisher.FluxPeekFuseable$PeekConditionalSubscriber.onNext(FluxPeekFuseable.java:854) ~[reactor-core-3.7.0.jar:3.7.0]
		at reactor.core.publisher.FluxPeekFuseable$PeekConditionalSubscriber.onNext(FluxPeekFuseable.java:854) ~[reactor-core-3.7.0.jar:3.7.0]
		at io.r2dbc.postgresql.util.FluxDiscardOnCancel$FluxDiscardOnCancelSubscriber.onNext(FluxDiscardOnCancel.java:91) ~[r2dbc-postgresql-1.0.7.RELEASE.jar:1.0.7.RELEASE]
		at reactor.core.publisher.FluxDoFinally$DoFinallySubscriber.onNext(FluxDoFinally.java:113) ~[reactor-core-3.7.0.jar:3.7.0]
		at reactor.core.publisher.FluxHandle$HandleSubscriber.onNext(FluxHandle.java:129) ~[reactor-core-3.7.0.jar:3.7.0]
		at reactor.core.publisher.FluxCreate$BufferAsyncSink.drain(FluxCreate.java:880) ~[reactor-core-3.7.0.jar:3.7.0]
		at reactor.core.publisher.FluxCreate$BufferAsyncSink.next(FluxCreate.java:805) ~[reactor-core-3.7.0.jar:3.7.0]
		at reactor.core.publisher.FluxCreate$SerializedFluxSink.next(FluxCreate.java:163) ~[reactor-core-3.7.0.jar:3.7.0]
		at io.r2dbc.postgresql.client.ReactorNettyClient$Conversation.emit(ReactorNettyClient.java:696) ~[r2dbc-postgresql-1.0.7.RELEASE.jar:1.0.7.RELEASE]
		at io.r2dbc.postgresql.client.ReactorNettyClient$BackendMessageSubscriber.emit(ReactorNettyClient.java:948) ~[r2dbc-postgresql-1.0.7.RELEASE.jar:1.0.7.RELEASE]
		at io.r2dbc.postgresql.client.ReactorNettyClient$BackendMessageSubscriber.onNext(ReactorNettyClient.java:822) ~[r2dbc-postgresql-1.0.7.RELEASE.jar:1.0.7.RELEASE]
		at io.r2dbc.postgresql.client.ReactorNettyClient$BackendMessageSubscriber.onNext(ReactorNettyClient.java:728) ~[r2dbc-postgresql-1.0.7.RELEASE.jar:1.0.7.RELEASE]
		at reactor.core.publisher.FluxHandle$HandleSubscriber.onNext(FluxHandle.java:129) ~[reactor-core-3.7.0.jar:3.7.0]
		at reactor.core.publisher.FluxPeekFuseable$PeekConditionalSubscriber.onNext(FluxPeekFuseable.java:854) ~[reactor-core-3.7.0.jar:3.7.0]
		at reactor.core.publisher.FluxMap$MapConditionalSubscriber.onNext(FluxMap.java:224) ~[reactor-core-3.7.0.jar:3.7.0]
		at reactor.core.publisher.FluxMap$MapConditionalSubscriber.onNext(FluxMap.java:224) ~[reactor-core-3.7.0.jar:3.7.0]
		at reactor.netty.channel.FluxReceive.drainReceiver(FluxReceive.java:292) ~[reactor-netty-core-1.2.0.jar:1.2.0]
		at reactor.netty.channel.FluxReceive.onInboundNext(FluxReceive.java:401) ~[reactor-netty-core-1.2.0.jar:1.2.0]
		at reactor.netty.channel.ChannelOperations.onInboundNext(ChannelOperations.java:435) ~[reactor-netty-core-1.2.0.jar:1.2.0]
		at reactor.netty.channel.ChannelOperationsHandler.channelRead(ChannelOperationsHandler.java:115) ~[reactor-netty-core-1.2.0.jar:1.2.0]
		at io.netty.channel.AbstractChannelHandlerContext.invokeChannelRead(AbstractChannelHandlerContext.java:444) ~[netty-transport-4.1.115.Final.jar:4.1.115.Final]
		at io.netty.channel.AbstractChannelHandlerContext.invokeChannelRead(AbstractChannelHandlerContext.java:420) ~[netty-transport-4.1.115.Final.jar:4.1.115.Final]
		at io.netty.channel.AbstractChannelHandlerContext.fireChannelRead(AbstractChannelHandlerContext.java:412) ~[netty-transport-4.1.115.Final.jar:4.1.115.Final]
		at io.netty.handler.codec.ByteToMessageDecoder.fireChannelRead(ByteToMessageDecoder.java:346) ~[netty-codec-4.1.115.Final.jar:4.1.115.Final]
		at io.netty.handler.codec.ByteToMessageDecoder.fireChannelRead(ByteToMessageDecoder.java:333) ~[netty-codec-4.1.115.Final.jar:4.1.115.Final]
		at io.netty.handler.codec.ByteToMessageDecoder.callDecode(ByteToMessageDecoder.java:455) ~[netty-codec-4.1.115.Final.jar:4.1.115.Final]
		at io.netty.handler.codec.ByteToMessageDecoder.channelRead(ByteToMessageDecoder.java:290) ~[netty-codec-4.1.115.Final.jar:4.1.115.Final]
		at io.netty.channel.AbstractChannelHandlerContext.invokeChannelRead(AbstractChannelHandlerContext.java:444) ~[netty-transport-4.1.115.Final.jar:4.1.115.Final]
		at io.netty.channel.AbstractChannelHandlerContext.invokeChannelRead(AbstractChannelHandlerContext.java:420) ~[netty-transport-4.1.115.Final.jar:4.1.115.Final]
		at io.netty.channel.AbstractChannelHandlerContext.fireChannelRead(AbstractChannelHandlerContext.java:412) ~[netty-transport-4.1.115.Final.jar:4.1.115.Final]
		at io.netty.channel.DefaultChannelPipeline$HeadContext.channelRead(DefaultChannelPipeline.java:1357) ~[netty-transport-4.1.115.Final.jar:4.1.115.Final]
		at io.netty.channel.AbstractChannelHandlerContext.invokeChannelRead(AbstractChannelHandlerContext.java:440) ~[netty-transport-4.1.115.Final.jar:4.1.115.Final]
		at io.netty.channel.AbstractChannelHandlerContext.invokeChannelRead(AbstractChannelHandlerContext.java:420) ~[netty-transport-4.1.115.Final.jar:4.1.115.Final]
		at io.netty.channel.DefaultChannelPipeline.fireChannelRead(DefaultChannelPipeline.java:868) ~[netty-transport-4.1.115.Final.jar:4.1.115.Final]
		at io.netty.channel.nio.AbstractNioByteChannel$NioByteUnsafe.read(AbstractNioByteChannel.java:166) ~[netty-transport-4.1.115.Final.jar:4.1.115.Final]
		at io.netty.channel.nio.NioEventLoop.processSelectedKey(NioEventLoop.java:788) ~[netty-transport-4.1.115.Final.jar:4.1.115.Final]
		at io.netty.channel.nio.NioEventLoop.processSelectedKeysOptimized(NioEventLoop.java:724) ~[netty-transport-4.1.115.Final.jar:4.1.115.Final]
		at io.netty.channel.nio.NioEventLoop.processSelectedKeys(NioEventLoop.java:650) ~[netty-transport-4.1.115.Final.jar:4.1.115.Final]
		at io.netty.channel.nio.NioEventLoop.run(NioEventLoop.java:562) ~[netty-transport-4.1.115.Final.jar:4.1.115.Final]
		at io.netty.util.concurrent.SingleThreadEventExecutor$4.run(SingleThreadEventExecutor.java:997) ~[netty-common-4.1.115.Final.jar:4.1.115.Final]
		at io.netty.util.internal.ThreadExecutorMap$2.run(ThreadExecutorMap.java:74) ~[netty-common-4.1.115.Final.jar:4.1.115.Final]
		at io.netty.util.concurrent.FastThreadLocalRunnable.run(FastThreadLocalRunnable.java:30) ~[netty-common-4.1.115.Final.jar:4.1.115.Final]
		at java.base/java.lang.Thread.run(Thread.java:1583) ~[na:na]

2026-01-06T22:10:57.680+01:00 ERROR 30332 --- [route-service] [actor-tcp-nio-1] c.y.d.r.c.e.GlobalExceptionHandler       : Unexpected error: No converter found capable of converting from type [org.locationtech.jts.geom.LineString] to type [java.lang.String]

org.springframework.core.convert.ConverterNotFoundException: No converter found capable of converting from type [org.locationtech.jts.geom.LineString] to type [java.lang.String]
	at org.springframework.core.convert.support.GenericConversionService.handleConverterNotFound(GenericConversionService.java:294) ~[spring-core-6.2.0.jar:6.2.0]
	Suppressed: reactor.core.publisher.FluxOnAssembly$OnAssemblyException: 
Error has been observed at the following site(s):
	*__checkpoint ⇢ Handler com.yowyob.delivery.route.controller.RouteController#recalculateRoute(UUID, Object) [DispatcherHandler]
Original Stack Trace:
		at org.springframework.core.convert.support.GenericConversionService.handleConverterNotFound(GenericConversionService.java:294) ~[spring-core-6.2.0.jar:6.2.0]
		at org.springframework.core.convert.support.GenericConversionService.convert(GenericConversionService.java:185) ~[spring-core-6.2.0.jar:6.2.0]
		at org.springframework.data.relational.core.conversion.MappingRelationalConverter.getPotentiallyConvertedSimpleRead(MappingRelationalConverter.java:664) ~[spring-data-relational-3.4.0.jar:3.4.0]
		at org.springframework.data.relational.core.conversion.MappingRelationalConverter$DefaultConversionContext.convert(MappingRelationalConverter.java:861) ~[spring-data-relational-3.4.0.jar:3.4.0]
		at org.springframework.data.relational.core.conversion.MappingRelationalConverter$ConversionContext.convert(MappingRelationalConverter.java:969) ~[spring-data-relational-3.4.0.jar:3.4.0]
		at org.springframework.data.relational.core.conversion.MappingRelationalConverter$DocumentValueProvider.getPropertyValue(MappingRelationalConverter.java:1154) ~[spring-data-relational-3.4.0.jar:3.4.0]
		at org.springframework.data.relational.core.conversion.MappingRelationalConverter$DocumentValueProvider.getPropertyValue(MappingRelationalConverter.java:1110) ~[spring-data-relational-3.4.0.jar:3.4.0]
		at org.springframework.data.relational.core.conversion.MappingRelationalConverter.readProperties(MappingRelationalConverter.java:562) ~[spring-data-relational-3.4.0.jar:3.4.0]
		at org.springframework.data.relational.core.conversion.MappingRelationalConverter.populateProperties(MappingRelationalConverter.java:528) ~[spring-data-relational-3.4.0.jar:3.4.0]
		at org.springframework.data.relational.core.conversion.MappingRelationalConverter.read(MappingRelationalConverter.java:464) ~[spring-data-relational-3.4.0.jar:3.4.0]
		at org.springframework.data.relational.core.conversion.MappingRelationalConverter.readAggregate(MappingRelationalConverter.java:357) ~[spring-data-relational-3.4.0.jar:3.4.0]
		at org.springframework.data.relational.core.conversion.MappingRelationalConverter.readAggregate(MappingRelationalConverter.java:320) ~[spring-data-relational-3.4.0.jar:3.4.0]
		at org.springframework.data.relational.core.conversion.MappingRelationalConverter.read(MappingRelationalConverter.java:307) ~[spring-data-relational-3.4.0.jar:3.4.0]
		at org.springframework.data.relational.core.conversion.MappingRelationalConverter.project(MappingRelationalConverter.java:197) ~[spring-data-relational-3.4.0.jar:3.4.0]
		at org.springframework.data.r2dbc.core.R2dbcEntityTemplate.lambda$getRowsFetchSpec$16(R2dbcEntityTemplate.java:870) ~[spring-data-r2dbc-3.4.0.jar:3.4.0]
		at io.r2dbc.postgresql.PostgresqlResult.lambda$map$2(PostgresqlResult.java:129) ~[r2dbc-postgresql-1.0.7.RELEASE.jar:1.0.7.RELEASE]
		at reactor.core.publisher.FluxHandle$HandleSubscriber.onNext(FluxHandle.java:113) ~[reactor-core-3.7.0.jar:3.7.0]
		at reactor.core.publisher.MonoFlatMapMany$FlatMapManyInner.onNext(MonoFlatMapMany.java:251) ~[reactor-core-3.7.0.jar:3.7.0]
		at reactor.core.publisher.FluxHandleFuseable$HandleFuseableSubscriber.onNext(FluxHandleFuseable.java:194) ~[reactor-core-3.7.0.jar:3.7.0]
		at reactor.core.publisher.FluxFilterFuseable$FilterFuseableConditionalSubscriber.onNext(FluxFilterFuseable.java:337) ~[reactor-core-3.7.0.jar:3.7.0]
		at reactor.core.publisher.FluxContextWrite$ContextWriteSubscriber.onNext(FluxContextWrite.java:107) ~[reactor-core-3.7.0.jar:3.7.0]
		at reactor.core.publisher.FluxPeekFuseable$PeekConditionalSubscriber.onNext(FluxPeekFuseable.java:854) ~[reactor-core-3.7.0.jar:3.7.0]
		at reactor.core.publisher.FluxPeekFuseable$PeekConditionalSubscriber.onNext(FluxPeekFuseable.java:854) ~[reactor-core-3.7.0.jar:3.7.0]
		at io.r2dbc.postgresql.util.FluxDiscardOnCancel$FluxDiscardOnCancelSubscriber.onNext(FluxDiscardOnCancel.java:91) ~[r2dbc-postgresql-1.0.7.RELEASE.jar:1.0.7.RELEASE]
		at reactor.core.publisher.FluxDoFinally$DoFinallySubscriber.onNext(FluxDoFinally.java:113) ~[reactor-core-3.7.0.jar:3.7.0]
		at reactor.core.publisher.FluxHandle$HandleSubscriber.onNext(FluxHandle.java:129) ~[reactor-core-3.7.0.jar:3.7.0]
		at reactor.core.publisher.FluxCreate$BufferAsyncSink.drain(FluxCreate.java:880) ~[reactor-core-3.7.0.jar:3.7.0]
		at reactor.core.publisher.FluxCreate$BufferAsyncSink.next(FluxCreate.java:805) ~[reactor-core-3.7.0.jar:3.7.0]
		at reactor.core.publisher.FluxCreate$SerializedFluxSink.next(FluxCreate.java:163) ~[reactor-core-3.7.0.jar:3.7.0]
		at io.r2dbc.postgresql.client.ReactorNettyClient$Conversation.emit(ReactorNettyClient.java:696) ~[r2dbc-postgresql-1.0.7.RELEASE.jar:1.0.7.RELEASE]
		at io.r2dbc.postgresql.client.ReactorNettyClient$BackendMessageSubscriber.emit(ReactorNettyClient.java:948) ~[r2dbc-postgresql-1.0.7.RELEASE.jar:1.0.7.RELEASE]
		at io.r2dbc.postgresql.client.ReactorNettyClient$BackendMessageSubscriber.onNext(ReactorNettyClient.java:822) ~[r2dbc-postgresql-1.0.7.RELEASE.jar:1.0.7.RELEASE]
		at io.r2dbc.postgresql.client.ReactorNettyClient$BackendMessageSubscriber.onNext(ReactorNettyClient.java:728) ~[r2dbc-postgresql-1.0.7.RELEASE.jar:1.0.7.RELEASE]
		at reactor.core.publisher.FluxHandle$HandleSubscriber.onNext(FluxHandle.java:129) ~[reactor-core-3.7.0.jar:3.7.0]
		at reactor.core.publisher.FluxPeekFuseable$PeekConditionalSubscriber.onNext(FluxPeekFuseable.java:854) ~[reactor-core-3.7.0.jar:3.7.0]
		at reactor.core.publisher.FluxMap$MapConditionalSubscriber.onNext(FluxMap.java:224) ~[reactor-core-3.7.0.jar:3.7.0]
		at reactor.core.publisher.FluxMap$MapConditionalSubscriber.onNext(FluxMap.java:224) ~[reactor-core-3.7.0.jar:3.7.0]
		at reactor.netty.channel.FluxReceive.drainReceiver(FluxReceive.java:292) ~[reactor-netty-core-1.2.0.jar:1.2.0]
		at reactor.netty.channel.FluxReceive.onInboundNext(FluxReceive.java:401) ~[reactor-netty-core-1.2.0.jar:1.2.0]
		at reactor.netty.channel.ChannelOperations.onInboundNext(ChannelOperations.java:435) ~[reactor-netty-core-1.2.0.jar:1.2.0]
		at reactor.netty.channel.ChannelOperationsHandler.channelRead(ChannelOperationsHandler.java:115) ~[reactor-netty-core-1.2.0.jar:1.2.0]
		at io.netty.channel.AbstractChannelHandlerContext.invokeChannelRead(AbstractChannelHandlerContext.java:444) ~[netty-transport-4.1.115.Final.jar:4.1.115.Final]
		at io.netty.channel.AbstractChannelHandlerContext.invokeChannelRead(AbstractChannelHandlerContext.java:420) ~[netty-transport-4.1.115.Final.jar:4.1.115.Final]
		at io.netty.channel.AbstractChannelHandlerContext.fireChannelRead(AbstractChannelHandlerContext.java:412) ~[netty-transport-4.1.115.Final.jar:4.1.115.Final]
		at io.netty.handler.codec.ByteToMessageDecoder.fireChannelRead(ByteToMessageDecoder.java:346) ~[netty-codec-4.1.115.Final.jar:4.1.115.Final]
		at io.netty.handler.codec.ByteToMessageDecoder.fireChannelRead(ByteToMessageDecoder.java:333) ~[netty-codec-4.1.115.Final.jar:4.1.115.Final]
		at io.netty.handler.codec.ByteToMessageDecoder.callDecode(ByteToMessageDecoder.java:455) ~[netty-codec-4.1.115.Final.jar:4.1.115.Final]
		at io.netty.handler.codec.ByteToMessageDecoder.channelRead(ByteToMessageDecoder.java:290) ~[netty-codec-4.1.115.Final.jar:4.1.115.Final]
		at io.netty.channel.AbstractChannelHandlerContext.invokeChannelRead(AbstractChannelHandlerContext.java:444) ~[netty-transport-4.1.115.Final.jar:4.1.115.Final]
		at io.netty.channel.AbstractChannelHandlerContext.invokeChannelRead(AbstractChannelHandlerContext.java:420) ~[netty-transport-4.1.115.Final.jar:4.1.115.Final]
		at io.netty.channel.AbstractChannelHandlerContext.fireChannelRead(AbstractChannelHandlerContext.java:412) ~[netty-transport-4.1.115.Final.jar:4.1.115.Final]
		at io.netty.channel.DefaultChannelPipeline$HeadContext.channelRead(DefaultChannelPipeline.java:1357) ~[netty-transport-4.1.115.Final.jar:4.1.115.Final]
		at io.netty.channel.AbstractChannelHandlerContext.invokeChannelRead(AbstractChannelHandlerContext.java:440) ~[netty-transport-4.1.115.Final.jar:4.1.115.Final]
		at io.netty.channel.AbstractChannelHandlerContext.invokeChannelRead(AbstractChannelHandlerContext.java:420) ~[netty-transport-4.1.115.Final.jar:4.1.115.Final]
		at io.netty.channel.DefaultChannelPipeline.fireChannelRead(DefaultChannelPipeline.java:868) ~[netty-transport-4.1.115.Final.jar:4.1.115.Final]
		at io.netty.channel.nio.AbstractNioByteChannel$NioByteUnsafe.read(AbstractNioByteChannel.java:166) ~[netty-transport-4.1.115.Final.jar:4.1.115.Final]
		at io.netty.channel.nio.NioEventLoop.processSelectedKey(NioEventLoop.java:788) ~[netty-transport-4.1.115.Final.jar:4.1.115.Final]
		at io.netty.channel.nio.NioEventLoop.processSelectedKeysOptimized(NioEventLoop.java:724) ~[netty-transport-4.1.115.Final.jar:4.1.115.Final]
		at io.netty.channel.nio.NioEventLoop.processSelectedKeys(NioEventLoop.java:650) ~[netty-transport-4.1.115.Final.jar:4.1.115.Final]
		at io.netty.channel.nio.NioEventLoop.run(NioEventLoop.java:562) ~[netty-transport-4.1.115.Final.jar:4.1.115.Final]
		at io.netty.util.concurrent.SingleThreadEventExecutor$4.run(SingleThreadEventExecutor.java:997) ~[netty-common-4.1.115.Final.jar:4.1.115.Final]
		at io.netty.util.internal.ThreadExecutorMap$2.run(ThreadExecutorMap.java:74) ~[netty-common-4.1.115.Final.jar:4.1.115.Final]
		at io.netty.util.concurrent.FastThreadLocalRunnable.run(FastThreadLocalRunnable.java:30) ~[netty-common-4.1.115.Final.jar:4.1.115.Final]
		at java.base/java.lang.Thread.run(Thread.java:1583) ~[na:na]

[INFO] ------------------------------------------------------------------------
[INFO] BUILD FAILURE
[INFO] ------------------------------------------------------------------------
[INFO] Total time:  03:32 h
[INFO] Finished at: 2026-01-06T22:17:39+01:00
[INFO] ------------------------------------------------------------------------
[ERROR] Failed to execute goal org.springframework.boot:spring-boot-maven-plugin:3.4.0:run (default-cli) on project route-service: Process terminated with exit code: 1 -> [Help 1]
[ERROR] 
[ERROR] To see the full stack trace of the errors, re-run Maven with the -e switch.
[ERROR] Re-run Maven using the -X switch to enable full debug logging.
[ERROR] 
[ERROR] For more information about the errors and possible solutions, please read the following articles:
[ERROR] [Help 1] http://cwiki.apache.org/confluence/display/MAVEN/MojoExecutionException
