[INFO] Scanning for projects...
[INFO] 
[INFO] -----------------< com.yowyob.delivery:route-service >------------------
[INFO] Building Logistics Routing API 0.0.1-SNAPSHOT
[INFO]   from pom.xml
[INFO] --------------------------------[ jar ]---------------------------------
[INFO] 
[INFO] >>> spring-boot:3.4.0:run (default-cli) > test-compile @ route-service >>>
[INFO] 
[INFO] --- resources:3.3.1:resources (default-resources) @ route-service ---
[INFO] Copying 1 resource from src\main\resources to target\classes
[INFO] Copying 10 resources from src\main\resources to target\classes
[INFO] 
[INFO] --- compiler:3.11.0:compile (default-compile) @ route-service ---
[INFO] Nothing to compile - all classes are up to date
[INFO] 
[INFO] --- resources:3.3.1:testResources (default-testResources) @ route-service ---
[INFO] skip non existing resourceDirectory F:\backend\backend\src\test\resources
[INFO] 
[INFO] --- compiler:3.11.0:testCompile (default-testCompile) @ route-service ---
[INFO] No sources to compile
[INFO] 
[INFO] <<< spring-boot:3.4.0:run (default-cli) < test-compile @ route-service <<<
[INFO] 
[INFO] 
[INFO] --- spring-boot:3.4.0:run (default-cli) @ route-service ---
[INFO] Attaching agents: []

  .   ____          _            __ _ _
 /\\ / ___'_ __ _ _(_)_ __  __ _ \ \ \ \
( ( )\___ | '_ | '_| | '_ \/ _` | \ \ \ \
 \\/  ___)| |_)| | | | | || (_| |  ) ) ) )
  '  |____| .__|_| |_|_| |_\__, | / / / /
 =========|_|==============|___/=/_/_/_/

 :: Spring Boot ::                (v3.4.0)

2026-01-06T17:44:47.526+01:00  INFO 49240 --- [route-service] [           main] c.y.delivery.route.RouteApplication      : Starting RouteApplication using Java 21.0.9 with PID 49240 (F:\backend\backend\target\classes started by USER in F:\backend\backend)
2026-01-06T17:44:47.526+01:00  INFO 49240 --- [route-service] [           main] c.y.delivery.route.RouteApplication      : No active profile set, falling back to 1 default profile: "default"
2026-01-06T17:44:48.487+01:00  INFO 49240 --- [route-service] [           main] .s.d.r.c.RepositoryConfigurationDelegate : Bootstrapping Spring Data R2DBC repositories in DEFAULT mode.
2026-01-06T17:44:48.717+01:00  INFO 49240 --- [route-service] [           main] .s.d.r.c.RepositoryConfigurationDelegate : Finished Spring Data repository scanning in 220 ms. Found 6 R2DBC repository interfaces.
2026-01-06T17:44:51.589+01:00  INFO 49240 --- [route-service] [           main] liquibase.database                       : Set default schema name to public
2026-01-06T17:44:52.426+01:00  INFO 49240 --- [route-service] [           main] liquibase.changelog                      : Reading from public.databasechangelog
2026-01-06T17:44:52.539+01:00  INFO 49240 --- [route-service] [           main] liquibase.ui                             : Database is up to date, no changesets to execute
2026-01-06T17:44:52.546+01:00  INFO 49240 --- [route-service] [           main] liquibase.changelog                      : Reading from public.databasechangelog
2026-01-06T17:44:52.559+01:00  INFO 49240 --- [route-service] [           main] liquibase.util                           : UPDATE SUMMARY
2026-01-06T17:44:52.560+01:00  INFO 49240 --- [route-service] [           main] liquibase.util                           : Run:                          0
2026-01-06T17:44:52.560+01:00  INFO 49240 --- [route-service] [           main] liquibase.util                           : Previously run:              18
2026-01-06T17:44:52.560+01:00  INFO 49240 --- [route-service] [           main] liquibase.util                           : Filtered out:                 0
2026-01-06T17:44:52.560+01:00  INFO 49240 --- [route-service] [           main] liquibase.util                           : -------------------------------
2026-01-06T17:44:52.560+01:00  INFO 49240 --- [route-service] [           main] liquibase.util                           : Total change sets:           18
2026-01-06T17:44:52.561+01:00  INFO 49240 --- [route-service] [           main] liquibase.util                           : Update summary generated
2026-01-06T17:44:52.563+01:00  INFO 49240 --- [route-service] [           main] liquibase.command                        : Command execution complete
2026-01-06T17:44:52.895+01:00  INFO 49240 --- [route-service] [           main] o.s.b.web.embedded.netty.NettyWebServer  : Netty started on port 8080 (http)
2026-01-06T17:44:52.911+01:00  INFO 49240 --- [route-service] [           main] c.y.delivery.route.RouteApplication      : Started RouteApplication in 6.086 seconds (process running for 6.652)
2026-01-06T17:46:13.099+01:00  INFO 49240 --- [route-service] [actor-tcp-nio-6] c.y.d.r.r.CustomParcelRepositoryImpl     : Parcel created with ID: 837473e8-52a8-4784-9c88-04348825eee3
2026-01-06T17:46:13.394+01:00  INFO 49240 --- [route-service] [ctor-http-nio-5] c.y.d.route.client.PetriNetClient        : Initialized Petri Net 7ab6492b-d68b-4e8a-9168-d1d2ee2ec2dc for parcel 837473e8-52a8-4784-9c88-04348825eee3
2026-01-06T17:47:29.934+01:00  INFO 49240 --- [route-service] [actor-tcp-nio-5] c.y.d.r.r.CustomParcelRepositoryImpl     : Parcel created with ID: c52c12e0-00f3-4d3e-8c08-8c472028ddc2
2026-01-06T17:47:29.967+01:00  INFO 49240 --- [route-service] [ctor-http-nio-6] c.y.d.route.client.PetriNetClient        : Initialized Petri Net bb34b992-f839-45e9-9ba2-1ca5860d3184 for parcel c52c12e0-00f3-4d3e-8c08-8c472028ddc2
com.yowyob.delivery.route.controller.exception.NoPathFoundException: No path found between hubs
	at com.yowyob.delivery.route.service.strategy.DijkstraRoutingStrategy.buildRouteFromPath(DijkstraRoutingStrategy.java:103)
	at com.yowyob.delivery.route.service.strategy.DijkstraRoutingStrategy.lambda$calculateOptimalRoute$3(DijkstraRoutingStrategy.java:85)
	at reactor.core.publisher.MonoFlatMap$FlatMapMain.onNext(MonoFlatMap.java:132)
	at reactor.core.publisher.MonoZip$ZipCoordinator.signal(MonoZip.java:297)
	at reactor.core.publisher.MonoZip$ZipInner.onNext(MonoZip.java:478)
	at reactor.core.publisher.Operators$BaseFluxToMonoOperator.completePossiblyEmpty(Operators.java:2097)
	at reactor.core.publisher.MonoCollectList$MonoCollectListSubscriber.onComplete(MonoCollectList.java:118)
	at reactor.core.publisher.FluxUsingWhen$UsingWhenSubscriber.deferredComplete(FluxUsingWhen.java:397)
	at reactor.core.publisher.FluxUsingWhen$CommitInner.onComplete(FluxUsingWhen.java:532)
	at reactor.core.publisher.Operators.complete(Operators.java:137)
	at reactor.core.publisher.MonoEmpty.subscribe(MonoEmpty.java:46)
	at reactor.core.publisher.Mono.subscribe(Mono.java:4576)
	at reactor.core.publisher.FluxUsingWhen$UsingWhenSubscriber.onComplete(FluxUsingWhen.java:389)
	at reactor.core.publisher.FluxConcatMapNoPrefetch$FluxConcatMapNoPrefetchSubscriber.onComplete(FluxConcatMapNoPrefetch.java:241)
	at reactor.core.publisher.Operators$MultiSubscriptionSubscriber.onComplete(Operators.java:2231)
	at reactor.core.publisher.FluxUsingWhen$UsingWhenSubscriber.deferredComplete(FluxUsingWhen.java:397)
	at reactor.core.publisher.FluxUsingWhen$CommitInner.onComplete(FluxUsingWhen.java:532)
	at reactor.core.publisher.Operators$MultiSubscriptionSubscriber.onComplete(Operators.java:2231)
	at reactor.core.publisher.FluxPeek$PeekSubscriber.onComplete(FluxPeek.java:260)
	at reactor.core.publisher.Operators$MultiSubscriptionSubscriber.onComplete(Operators.java:2231)
	at reactor.core.publisher.MonoIgnoreThen$ThenIgnoreMain.onComplete(MonoIgnoreThen.java:210)
	at reactor.core.publisher.MonoIgnoreThen$ThenIgnoreMain.onComplete(MonoIgnoreThen.java:210)
	at reactor.pool.SimpleDequePool.maybeRecycleAndDrain(SimpleDequePool.java:540)
	at reactor.pool.SimpleDequePool$QueuePoolRecyclerInner.onComplete(SimpleDequePool.java:781)
	at reactor.core.publisher.Operators.complete(Operators.java:137)
	at reactor.core.publisher.MonoEmpty.subscribe(MonoEmpty.java:46)
	at reactor.core.publisher.Mono.subscribe(Mono.java:4576)
	at reactor.pool.SimpleDequePool$QueuePoolRecyclerMono.subscribe(SimpleDequePool.java:893)
	at reactor.core.publisher.MonoDefer.subscribe(MonoDefer.java:53)
	at reactor.core.publisher.MonoIgnoreThen$ThenIgnoreMain.subscribeNext(MonoIgnoreThen.java:241)
	at reactor.core.publisher.MonoIgnoreThen$ThenIgnoreMain.onComplete(MonoIgnoreThen.java:204)
	at reactor.core.publisher.FluxPeek$PeekSubscriber.onComplete(FluxPeek.java:260)
	at reactor.core.publisher.Operators.complete(Operators.java:137)
	at reactor.core.publisher.MonoEmpty.subscribe(MonoEmpty.java:46)
	at reactor.core.publisher.Mono.subscribe(Mono.java:4576)
	at reactor.core.publisher.MonoIgnoreThen$ThenIgnoreMain.subscribeNext(MonoIgnoreThen.java:265)
	at reactor.core.publisher.MonoIgnoreThen.subscribe(MonoIgnoreThen.java:51)
	at reactor.core.publisher.MonoDefer.subscribe(MonoDefer.java:53)
	at reactor.core.publisher.MonoIgnoreThen$ThenIgnoreMain.subscribeNext(MonoIgnoreThen.java:241)
	at reactor.core.publisher.MonoIgnoreThen$ThenIgnoreMain.onComplete(MonoIgnoreThen.java:204)
	at reactor.core.publisher.MonoIgnoreElements$IgnoreElementsSubscriber.onComplete(MonoIgnoreElements.java:89)
	at reactor.core.publisher.FluxHandleFuseable$HandleFuseableSubscriber.onComplete(FluxHandleFuseable.java:239)
	at reactor.core.publisher.MonoSupplier$MonoSupplierSubscription.request(MonoSupplier.java:148)
	at reactor.core.publisher.FluxHandleFuseable$HandleFuseableSubscriber.request(FluxHandleFuseable.java:260)
	at reactor.core.publisher.MonoIgnoreElements$IgnoreElementsSubscriber.onSubscribe(MonoIgnoreElements.java:72)
	at reactor.core.publisher.FluxHandleFuseable$HandleFuseableSubscriber.onSubscribe(FluxHandleFuseable.java:164)
	at reactor.core.publisher.MonoSupplier.subscribe(MonoSupplier.java:48)
	at reactor.core.publisher.Mono.subscribe(Mono.java:4576)
	at reactor.core.publisher.MonoIgnoreThen$ThenIgnoreMain.subscribeNext(MonoIgnoreThen.java:265)
	at reactor.core.publisher.MonoIgnoreThen.subscribe(MonoIgnoreThen.java:51)
	at reactor.core.publisher.InternalMonoOperator.subscribe(InternalMonoOperator.java:76)
	at reactor.core.publisher.MonoDefer.subscribe(MonoDefer.java:53)
	at reactor.core.publisher.Mono.subscribe(Mono.java:4576)
	at reactor.core.publisher.FluxOnErrorResume$ResumeSubscriber.onError(FluxOnErrorResume.java:103)
	at reactor.core.publisher.MonoIgnoreElements$IgnoreElementsSubscriber.onError(MonoIgnoreElements.java:84)
	at reactor.core.publisher.FluxMap$MapSubscriber.onError(FluxMap.java:134)
	at reactor.core.publisher.FluxFilter$FilterSubscriber.onError(FluxFilter.java:157)
	at reactor.core.publisher.FluxFilter$FilterConditionalSubscriber.onError(FluxFilter.java:291)
	at reactor.core.publisher.FluxMap$MapConditionalSubscriber.onError(FluxMap.java:265)
	at reactor.core.publisher.Operators.error(Operators.java:198)
	at reactor.core.publisher.MonoError.subscribe(MonoError.java:53)
	at reactor.core.publisher.MonoDeferContextual.subscribe(MonoDeferContextual.java:55)
	at reactor.core.publisher.InternalMonoOperator.subscribe(InternalMonoOperator.java:76)
	at reactor.core.publisher.MonoDefer.subscribe(MonoDefer.java:53)
	at reactor.core.publisher.Mono.subscribe(Mono.java:4576)
	at reactor.core.publisher.FluxUsingWhen$UsingWhenSubscriber.onComplete(FluxUsingWhen.java:389)
	at reactor.core.publisher.FluxFlatMap$FlatMapMain.checkTerminated(FluxFlatMap.java:850)
	at reactor.core.publisher.FluxFlatMap$FlatMapMain.drainLoop(FluxFlatMap.java:612)
	at reactor.core.publisher.FluxFlatMap$FlatMapMain.drain(FluxFlatMap.java:592)
	at reactor.core.publisher.FluxFlatMap$FlatMapMain.onComplete(FluxFlatMap.java:469)
	at reactor.core.publisher.FluxOnAssembly$OnAssemblySubscriber.onComplete(FluxOnAssembly.java:549)
	at reactor.core.publisher.FluxMap$MapSubscriber.onComplete(FluxMap.java:144)
	at io.r2dbc.postgresql.util.FluxDiscardOnCancel$FluxDiscardOnCancelSubscriber.onComplete(FluxDiscardOnCancel.java:104)
	at reactor.core.publisher.FluxMapFuseable$MapFuseableSubscriber.onComplete(FluxMapFuseable.java:152)
	at reactor.core.publisher.FluxContextWrite$ContextWriteSubscriber.onComplete(FluxContextWrite.java:126)
	at reactor.core.publisher.FluxWindowPredicate$WindowPredicateMain.checkTerminated(FluxWindowPredicate.java:540)
	at reactor.core.publisher.FluxWindowPredicate$WindowPredicateMain.drainLoop(FluxWindowPredicate.java:488)
	at reactor.core.publisher.FluxWindowPredicate$WindowPredicateMain.drain(FluxWindowPredicate.java:432)
	at reactor.core.publisher.FluxWindowPredicate$WindowPredicateMain.onComplete(FluxWindowPredicate.java:312)
	at io.r2dbc.postgresql.util.FluxDiscardOnCancel$FluxDiscardOnCancelSubscriber.onComplete(FluxDiscardOnCancel.java:104)
	at reactor.core.publisher.FluxContextWrite$ContextWriteSubscriber.onComplete(FluxContextWrite.java:126)
	at reactor.core.publisher.FluxCreate$BaseSink.complete(FluxCreate.java:465)
	at reactor.core.publisher.FluxCreate$BufferAsyncSink.drain(FluxCreate.java:871)
	at reactor.core.publisher.FluxCreate$BufferAsyncSink.complete(FluxCreate.java:819)
	at reactor.core.publisher.FluxCreate$SerializedFluxSink.drainLoop(FluxCreate.java:249)
	at reactor.core.publisher.FluxCreate$SerializedFluxSink.drain(FluxCreate.java:215)
	at reactor.core.publisher.FluxCreate$SerializedFluxSink.complete(FluxCreate.java:206)
	at io.r2dbc.postgresql.client.ReactorNettyClient$Conversation.complete(ReactorNettyClient.java:680)
	at io.r2dbc.postgresql.client.ReactorNettyClient$BackendMessageSubscriber.emit(ReactorNettyClient.java:946)
	at io.r2dbc.postgresql.client.ReactorNettyClient$BackendMessageSubscriber.onNext(ReactorNettyClient.java:822)
	at io.r2dbc.postgresql.client.ReactorNettyClient$BackendMessageSubscriber.onNext(ReactorNettyClient.java:728)
	at reactor.core.publisher.FluxHandle$HandleSubscriber.onNext(FluxHandle.java:129)
	at reactor.core.publisher.FluxPeekFuseable$PeekConditionalSubscriber.onNext(FluxPeekFuseable.java:854)
	at reactor.core.publisher.FluxMap$MapConditionalSubscriber.onNext(FluxMap.java:224)
	at reactor.core.publisher.FluxMap$MapConditionalSubscriber.onNext(FluxMap.java:224)
	at reactor.netty.channel.FluxReceive.drainReceiver(FluxReceive.java:292)
	at reactor.netty.channel.FluxReceive.onInboundNext(FluxReceive.java:401)
	at reactor.netty.channel.ChannelOperations.onInboundNext(ChannelOperations.java:435)
	at reactor.netty.channel.ChannelOperationsHandler.channelRead(ChannelOperationsHandler.java:115)
	at io.netty.channel.AbstractChannelHandlerContext.invokeChannelRead(AbstractChannelHandlerContext.java:444)
	at io.netty.channel.AbstractChannelHandlerContext.invokeChannelRead(AbstractChannelHandlerContext.java:420)
	at io.netty.channel.AbstractChannelHandlerContext.fireChannelRead(AbstractChannelHandlerContext.java:412)
	at io.netty.handler.codec.ByteToMessageDecoder.fireChannelRead(ByteToMessageDecoder.java:346)
	at io.netty.handler.codec.ByteToMessageDecoder.channelRead(ByteToMessageDecoder.java:318)
	at io.netty.channel.AbstractChannelHandlerContext.invokeChannelRead(AbstractChannelHandlerContext.java:444)
	at io.netty.channel.AbstractChannelHandlerContext.invokeChannelRead(AbstractChannelHandlerContext.java:420)
	at io.netty.channel.AbstractChannelHandlerContext.fireChannelRead(AbstractChannelHandlerContext.java:412)
	at io.netty.channel.DefaultChannelPipeline$HeadContext.channelRead(DefaultChannelPipeline.java:1357)
	at io.netty.channel.AbstractChannelHandlerContext.invokeChannelRead(AbstractChannelHandlerContext.java:440)
	at io.netty.channel.AbstractChannelHandlerContext.invokeChannelRead(AbstractChannelHandlerContext.java:420)
	at io.netty.channel.DefaultChannelPipeline.fireChannelRead(DefaultChannelPipeline.java:868)
	at io.netty.channel.nio.AbstractNioByteChannel$NioByteUnsafe.read(AbstractNioByteChannel.java:166)
	at io.netty.channel.nio.NioEventLoop.processSelectedKey(NioEventLoop.java:788)
	at io.netty.channel.nio.NioEventLoop.processSelectedKeysOptimized(NioEventLoop.java:724)
	at io.netty.channel.nio.NioEventLoop.processSelectedKeys(NioEventLoop.java:650)
	at io.netty.channel.nio.NioEventLoop.run(NioEventLoop.java:562)
	at io.netty.util.concurrent.SingleThreadEventExecutor$4.run(SingleThreadEventExecutor.java:997)
	at io.netty.util.internal.ThreadExecutorMap$2.run(ThreadExecutorMap.java:74)
	at io.netty.util.concurrent.FastThreadLocalRunnable.run(FastThreadLocalRunnable.java:30)
	at java.base/java.lang.Thread.run(Thread.java:1583)
2026-01-06T17:47:30.124+01:00  WARN 49240 --- [route-service] [actor-tcp-nio-5] c.y.d.r.c.e.GlobalExceptionHandler       : No path found: No path found between hubs
[INFO] ------------------------------------------------------------------------
[INFO] BUILD FAILURE
[INFO] ------------------------------------------------------------------------
[INFO] Total time:  59:40 min
[INFO] Finished at: 2026-01-06T18:44:22+01:00
[INFO] ------------------------------------------------------------------------
[ERROR] Failed to execute goal org.springframework.boot:spring-boot-maven-plugin:3.4.0:run (default-cli) on project route-service: Process terminated with exit code: 1 -> [Help 1]
[ERROR] 
[ERROR] To see the full stack trace of the errors, re-run Maven with the -e switch.
[ERROR] Re-run Maven using the -X switch to enable full debug logging.
[ERROR] 
[ERROR] For more information about the errors and possible solutions, please read the following articles:
[ERROR] [Help 1] http://cwiki.apache.org/confluence/display/MAVEN/MojoExecutionException
