[INFO] Scanning for projects...
[INFO] 
[INFO] -----------------< com.yowyob.delivery:route-service >------------------
[INFO] Building Logistics Routing API 0.0.1-SNAPSHOT
[INFO]   from pom.xml
[INFO] --------------------------------[ jar ]---------------------------------
[INFO] 
[INFO] --- resources:3.3.1:resources (default-resources) @ route-service ---
[INFO] Copying 1 resource from src\main\resources to target\classes
[INFO] Copying 10 resources from src\main\resources to target\classes
[INFO] 
[INFO] --- compiler:3.11.0:compile (default-compile) @ route-service ---
[INFO] Nothing to compile - all classes are up to date
[INFO] 
[INFO] --- resources:3.3.1:testResources (default-testResources) @ route-service ---
[INFO] Not copying test resources
[INFO] 
[INFO] --- compiler:3.11.0:testCompile (default-testCompile) @ route-service ---
[INFO] Not compiling test sources
[INFO] 
[INFO] --- surefire:3.5.2:test (default-test) @ route-service ---
[INFO] Tests are skipped.
[INFO] 
[INFO] --- jar:3.4.2:jar (default-jar) @ route-service ---
[INFO] Building jar: F:\backend\backend\target\route-service-0.0.1-SNAPSHOT.jar
[INFO] 
[INFO] --- spring-boot:3.4.0:repackage (repackage) @ route-service ---
[INFO] Replacing main artifact F:\backend\backend\target\route-service-0.0.1-SNAPSHOT.jar with repackaged archive, adding nested dependencies in BOOT-INF/.
[INFO] The original artifact has been renamed to F:\backend\backend\target\route-service-0.0.1-SNAPSHOT.jar.original
[INFO] ------------------------------------------------------------------------
[INFO] BUILD SUCCESS
[INFO] ------------------------------------------------------------------------
[INFO] Total time:  5.383 s
[INFO] Finished at: 2026-01-06T17:16:58+01:00
[INFO] ------------------------------------------------------------------------
